[ 2015-11-14T23:31:56+08:00 ] 0.0.0.0 /gkmaker/system.php/Public/index
INFO: [ app_begin ] --START--
INFO: Run ReadHtmlCache Behavior [ RunTime:0.004472s ]
INFO: [ app_begin ] --END-- [ RunTime:0.004560s ]
NOTIC: [8192] mysql_connect(): The mysql extension is deprecated and will be removed in the future: use mysqli or PDO instead D:\xampps\htdocs\gkmaker\ThinkPHP\Lib\Driver\Db\DbMysql.class.php 第 55 行.
SQL: SHOW COLUMNS FROM `pa_admin` [ RunTime:0.006342s ]
SQL: SHOW COLUMNS FROM `pa_public` [ RunTime:0.006792s ]
ERR: Table 'gkmaker.pa_public' doesn't exist
 [ SQL语句 ] : SHOW COLUMNS FROM `pa_public`
NOTIC: [2] Missing argument 1 for PublicModel::auth(), called in D:\xampps\htdocs\gkmaker\Admin\Lib\Action\PublicAction.class.php on line 34 and defined D:\xampps\htdocs\gkmaker\Admin\Lib\Model\PublicModel.class.php 第 5 行.
NOTIC: [8192] preg_replace(): The /e modifier is deprecated, use preg_replace_callback instead D:\xampps\htdocs\gkmaker\ThinkPHP\Lib\Core\Db.class.php 第 568 行.
SQL: SELECT COUNT(*) AS tp_count FROM `pa_admin` WHERE ( `email`='925066365@qq.com' ) LIMIT 1   [ RunTime:0.003629s ]
NOTIC: [8192] preg_replace(): The /e modifier is deprecated, use preg_replace_callback instead D:\xampps\htdocs\gkmaker\ThinkPHP\Lib\Core\Db.class.php 第 568 行.
SQL: SELECT * FROM `pa_admin` WHERE ( `email`='925066365@qq.com' ) LIMIT 1   [ RunTime:0.000325s ]
NOTIC: [8192] preg_replace(): The /e modifier is deprecated, use preg_replace_callback instead D:\xampps\htdocs\gkmaker\ThinkPHP\Lib\Core\Db.class.php 第 568 行.
SQL: SELECT * FROM `pa_admin` WHERE ( `email` = '925066365@qq.com' ) LIMIT 1   [ RunTime:0.000465s ]

[ 2015-11-14T23:31:59+08:00 ] 0.0.0.0 /gkmaker/system.php/SysData/backup
INFO: [ app_begin ] --START--
INFO: Run ReadHtmlCache Behavior [ RunTime:0.004859s ]
INFO: [ app_begin ] --END-- [ RunTime:0.004930s ]
NOTIC: [8192] mysql_connect(): The mysql extension is deprecated and will be removed in the future: use mysqli or PDO instead D:\xampps\htdocs\gkmaker\ThinkPHP\Lib\Driver\Db\DbMysql.class.php 第 55 行.
SQL: SHOW COLUMNS FROM `pa_sys_data` [ RunTime:0.004678s ]
ERR: Table 'gkmaker.pa_sys_data' doesn't exist
 [ SQL语句 ] : SHOW COLUMNS FROM `pa_sys_data`
SQL: SHOW TABLE STATUS [ RunTime:0.040594s ]

