[ 2015-11-12T22:10:01+08:00 ] 0.0.0.0 /gkmaker/system.php/Public/index
INFO: [ app_begin ] --START--
INFO: Run ReadHtmlCache Behavior [ RunTime:0.003258s ]
INFO: [ app_begin ] --END-- [ RunTime:0.003341s ]
NOTIC: [8192] mysql_connect(): The mysql extension is deprecated and will be removed in the future: use mysqli or PDO instead D:\xampps\htdocs\gkmaker\ThinkPHP\Lib\Driver\Db\DbMysql.class.php 第 55 行.
SQL: SHOW COLUMNS FROM `pa_admin` [ RunTime:0.002668s ]
SQL: SHOW COLUMNS FROM `pa_public` [ RunTime:0.002895s ]
ERR: Table 'gkmaker.pa_public' doesn't exist
 [ SQL语句 ] : SHOW COLUMNS FROM `pa_public`
NOTIC: [2] Missing argument 1 for PublicModel::auth(), called in D:\xampps\htdocs\gkmaker\Admin\Lib\Action\PublicAction.class.php on line 34 and defined D:\xampps\htdocs\gkmaker\Admin\Lib\Model\PublicModel.class.php 第 5 行.
NOTIC: [8192] preg_replace(): The /e modifier is deprecated, use preg_replace_callback instead D:\xampps\htdocs\gkmaker\ThinkPHP\Lib\Core\Db.class.php 第 568 行.
SQL: SELECT COUNT(*) AS tp_count FROM `pa_admin` WHERE ( `email`='925066365@qq.com' ) LIMIT 1   [ RunTime:0.000661s ]
NOTIC: [8192] preg_replace(): The /e modifier is deprecated, use preg_replace_callback instead D:\xampps\htdocs\gkmaker\ThinkPHP\Lib\Core\Db.class.php 第 568 行.
SQL: SELECT * FROM `pa_admin` WHERE ( `email`='925066365@qq.com' ) LIMIT 1   [ RunTime:0.000430s ]
NOTIC: [8192] preg_replace(): The /e modifier is deprecated, use preg_replace_callback instead D:\xampps\htdocs\gkmaker\ThinkPHP\Lib\Core\Db.class.php 第 568 行.
SQL: SELECT * FROM `pa_admin` WHERE ( `email` = '925066365@qq.com' ) LIMIT 1   [ RunTime:0.000243s ]

[ 2015-11-12T22:10:03+08:00 ] 0.0.0.0 /gkmaker/system.php/SysData/backup
INFO: [ app_begin ] --START--
INFO: Run ReadHtmlCache Behavior [ RunTime:0.004810s ]
INFO: [ app_begin ] --END-- [ RunTime:0.004890s ]
NOTIC: [8192] mysql_connect(): The mysql extension is deprecated and will be removed in the future: use mysqli or PDO instead D:\xampps\htdocs\gkmaker\ThinkPHP\Lib\Driver\Db\DbMysql.class.php 第 55 行.
SQL: SHOW COLUMNS FROM `pa_sys_data` [ RunTime:0.004170s ]
ERR: Table 'gkmaker.pa_sys_data' doesn't exist
 [ SQL语句 ] : SHOW COLUMNS FROM `pa_sys_data`
SQL: SHOW TABLE STATUS [ RunTime:0.010943s ]

[ 2015-11-12T22:52:55+08:00 ] 0.0.0.0 /gkmaker/system.php/Public/index
INFO: [ app_begin ] --START--
INFO: Run ReadHtmlCache Behavior [ RunTime:0.002466s ]
INFO: [ app_begin ] --END-- [ RunTime:0.002518s ]
NOTIC: [8192] mysql_connect(): The mysql extension is deprecated and will be removed in the future: use mysqli or PDO instead D:\xampps\htdocs\gkmaker\ThinkPHP\Lib\Driver\Db\DbMysql.class.php 第 55 行.
SQL: SHOW COLUMNS FROM `pa_admin` [ RunTime:0.003020s ]
SQL: SHOW COLUMNS FROM `pa_public` [ RunTime:0.003055s ]
ERR: Table 'gkmaker.pa_public' doesn't exist
 [ SQL语句 ] : SHOW COLUMNS FROM `pa_public`
NOTIC: [2] Missing argument 1 for PublicModel::auth(), called in D:\xampps\htdocs\gkmaker\Admin\Lib\Action\PublicAction.class.php on line 34 and defined D:\xampps\htdocs\gkmaker\Admin\Lib\Model\PublicModel.class.php 第 5 行.
NOTIC: [8192] preg_replace(): The /e modifier is deprecated, use preg_replace_callback instead D:\xampps\htdocs\gkmaker\ThinkPHP\Lib\Core\Db.class.php 第 568 行.
SQL: SELECT COUNT(*) AS tp_count FROM `pa_admin` WHERE ( `email`='925066365@qq.com' ) LIMIT 1   [ RunTime:0.000368s ]
NOTIC: [8192] preg_replace(): The /e modifier is deprecated, use preg_replace_callback instead D:\xampps\htdocs\gkmaker\ThinkPHP\Lib\Core\Db.class.php 第 568 行.
SQL: SELECT * FROM `pa_admin` WHERE ( `email`='925066365@qq.com' ) LIMIT 1   [ RunTime:0.000246s ]
NOTIC: [8192] preg_replace(): The /e modifier is deprecated, use preg_replace_callback instead D:\xampps\htdocs\gkmaker\ThinkPHP\Lib\Core\Db.class.php 第 568 行.
SQL: SELECT * FROM `pa_admin` WHERE ( `email` = '925066365@qq.com' ) LIMIT 1   [ RunTime:0.000271s ]

[ 2015-11-12T22:52:58+08:00 ] 0.0.0.0 /gkmaker/system.php/SysData/backup
INFO: [ app_begin ] --START--
INFO: Run ReadHtmlCache Behavior [ RunTime:0.003958s ]
INFO: [ app_begin ] --END-- [ RunTime:0.004059s ]
NOTIC: [8192] mysql_connect(): The mysql extension is deprecated and will be removed in the future: use mysqli or PDO instead D:\xampps\htdocs\gkmaker\ThinkPHP\Lib\Driver\Db\DbMysql.class.php 第 55 行.
SQL: SHOW COLUMNS FROM `pa_sys_data` [ RunTime:0.002336s ]
ERR: Table 'gkmaker.pa_sys_data' doesn't exist
 [ SQL语句 ] : SHOW COLUMNS FROM `pa_sys_data`
SQL: SHOW TABLE STATUS [ RunTime:0.003129s ]

