[ 2016-02-11T15:31:56+08:00 ] ERR: (ThinkException) ÓÉÓÚÄ¿±ê¼ÆËã»ú»ý¼«¾Ü¾ø£¬ÎÞ·¨Á¬½Ó¡£

[ 2016-02-11T15:31:56+08:00 ] 0.0.0.0 /gkmaker/
INFO: [ app_begin ] --START--
INFO: Run ReadHtmlCache Behavior [ RunTime:0.005501s ]
INFO: [ app_begin ] --END-- [ RunTime:0.006948s ]
NOTIC: [8192] mysql_connect(): The mysql extension is deprecated and will be removed in the future: use mysqli or PDO instead D:\xampps\htdocs\gkmaker\ThinkPHP\Lib\Driver\Db\DbMysql.class.php ç¬¬ 55 è¡Œ.
NOTIC: [2] mysql_connect():  D:\xampps\htdocs\gkmaker\ThinkPHP\Lib\Driver\Db\DbMysql.class.php ç¬¬ 55 è¡Œ.
NOTIC: [8] Undefined index: class D:\xampps\htdocs\gkmaker\ThinkPHP\Lib\Core\ThinkException.class.php ç¬¬ 63 è¡Œ.
NOTIC: [8] Undefined index: type D:\xampps\htdocs\gkmaker\ThinkPHP\Lib\Core\ThinkException.class.php ç¬¬ 63 è¡Œ.
NOTIC: [8] Undefined index: file D:\xampps\htdocs\gkmaker\ThinkPHP\Lib\Core\ThinkException.class.php ç¬¬ 62 è¡Œ.
NOTIC: [8] Undefined index: line D:\xampps\htdocs\gkmaker\ThinkPHP\Lib\Core\ThinkException.class.php ç¬¬ 62 è¡Œ.
NOTIC: [4096] Object of class IndexAction could not be converted to string D:\xampps\htdocs\gkmaker\ThinkPHP\Lib\Core\ThinkException.class.php ç¬¬ 64 è¡Œ.
NOTIC: [8] Undefined index: class D:\xampps\htdocs\gkmaker\ThinkPHP\Lib\Core\ThinkException.class.php ç¬¬ 63 è¡Œ.
NOTIC: [8] Undefined index: type D:\xampps\htdocs\gkmaker\ThinkPHP\Lib\Core\ThinkException.class.php ç¬¬ 63 è¡Œ.
NOTIC: [8] Undefined index: class D:\xampps\htdocs\gkmaker\ThinkPHP\Lib\Core\ThinkException.class.php ç¬¬ 63 è¡Œ.
NOTIC: [8] Undefined index: type D:\xampps\htdocs\gkmaker\ThinkPHP\Lib\Core\ThinkException.class.php ç¬¬ 63 è¡Œ.

[ 2016-02-11T15:39:01+08:00 ] ERR: (ThinkException) ÓÉÓÚÄ¿±ê¼ÆËã»ú»ý¼«¾Ü¾ø£¬ÎÞ·¨Á¬½Ó¡£

[ 2016-02-11T15:39:01+08:00 ] 0.0.0.0 /gkmaker/
INFO: [ app_begin ] --START--
INFO: Run ReadHtmlCache Behavior [ RunTime:0.004320s ]
INFO: [ app_begin ] --END-- [ RunTime:0.004434s ]
NOTIC: [8192] mysql_connect(): The mysql extension is deprecated and will be removed in the future: use mysqli or PDO instead D:\xampps\htdocs\gkmaker\ThinkPHP\Lib\Driver\Db\DbMysql.class.php ç¬¬ 55 è¡Œ.
NOTIC: [2] mysql_connect():  D:\xampps\htdocs\gkmaker\ThinkPHP\Lib\Driver\Db\DbMysql.class.php ç¬¬ 55 è¡Œ.
NOTIC: [8] Undefined index: class D:\xampps\htdocs\gkmaker\ThinkPHP\Lib\Core\ThinkException.class.php ç¬¬ 63 è¡Œ.
NOTIC: [8] Undefined index: type D:\xampps\htdocs\gkmaker\ThinkPHP\Lib\Core\ThinkException.class.php ç¬¬ 63 è¡Œ.
NOTIC: [8] Undefined index: file D:\xampps\htdocs\gkmaker\ThinkPHP\Lib\Core\ThinkException.class.php ç¬¬ 62 è¡Œ.
NOTIC: [8] Undefined index: line D:\xampps\htdocs\gkmaker\ThinkPHP\Lib\Core\ThinkException.class.php ç¬¬ 62 è¡Œ.
NOTIC: [4096] Object of class IndexAction could not be converted to string D:\xampps\htdocs\gkmaker\ThinkPHP\Lib\Core\ThinkException.class.php ç¬¬ 64 è¡Œ.
NOTIC: [8] Undefined index: class D:\xampps\htdocs\gkmaker\ThinkPHP\Lib\Core\ThinkException.class.php ç¬¬ 63 è¡Œ.
NOTIC: [8] Undefined index: type D:\xampps\htdocs\gkmaker\ThinkPHP\Lib\Core\ThinkException.class.php ç¬¬ 63 è¡Œ.
NOTIC: [8] Undefined index: class D:\xampps\htdocs\gkmaker\ThinkPHP\Lib\Core\ThinkException.class.php ç¬¬ 63 è¡Œ.
NOTIC: [8] Undefined index: type D:\xampps\htdocs\gkmaker\ThinkPHP\Lib\Core\ThinkException.class.php ç¬¬ 63 è¡Œ.

[ 2016-02-11T18:40:07+08:00 ] ERR: (ThinkException) ÓÉÓÚÄ¿±ê¼ÆËã»ú»ý¼«¾Ü¾ø£¬ÎÞ·¨Á¬½Ó¡£

[ 2016-02-11T18:40:07+08:00 ] 0.0.0.0 /gkmaker/
INFO: [ app_begin ] --START--
INFO: Run ReadHtmlCache Behavior [ RunTime:0.005047s ]
INFO: [ app_begin ] --END-- [ RunTime:0.005160s ]
NOTIC: [8192] mysql_connect(): The mysql extension is deprecated and will be removed in the future: use mysqli or PDO instead D:\xampps\htdocs\gkmaker\ThinkPHP\Lib\Driver\Db\DbMysql.class.php ç¬¬ 55 è¡Œ.
NOTIC: [2] mysql_connect():  D:\xampps\htdocs\gkmaker\ThinkPHP\Lib\Driver\Db\DbMysql.class.php ç¬¬ 55 è¡Œ.
NOTIC: [8] Undefined index: class D:\xampps\htdocs\gkmaker\ThinkPHP\Lib\Core\ThinkException.class.php ç¬¬ 63 è¡Œ.
NOTIC: [8] Undefined index: type D:\xampps\htdocs\gkmaker\ThinkPHP\Lib\Core\ThinkException.class.php ç¬¬ 63 è¡Œ.
NOTIC: [8] Undefined index: file D:\xampps\htdocs\gkmaker\ThinkPHP\Lib\Core\ThinkException.class.php ç¬¬ 62 è¡Œ.
NOTIC: [8] Undefined index: line D:\xampps\htdocs\gkmaker\ThinkPHP\Lib\Core\ThinkException.class.php ç¬¬ 62 è¡Œ.
NOTIC: [4096] Object of class IndexAction could not be converted to string D:\xampps\htdocs\gkmaker\ThinkPHP\Lib\Core\ThinkException.class.php ç¬¬ 64 è¡Œ.
NOTIC: [8] Undefined index: class D:\xampps\htdocs\gkmaker\ThinkPHP\Lib\Core\ThinkException.class.php ç¬¬ 63 è¡Œ.
NOTIC: [8] Undefined index: type D:\xampps\htdocs\gkmaker\ThinkPHP\Lib\Core\ThinkException.class.php ç¬¬ 63 è¡Œ.
NOTIC: [8] Undefined index: class D:\xampps\htdocs\gkmaker\ThinkPHP\Lib\Core\ThinkException.class.php ç¬¬ 63 è¡Œ.
NOTIC: [8] Undefined index: type D:\xampps\htdocs\gkmaker\ThinkPHP\Lib\Core\ThinkException.class.php ç¬¬ 63 è¡Œ.

