[ 2017-06-22T12:28:19+08:00 ] 0.0.0.0 /gkmaker/index.php
INFO: [ app_begin ] --START--
INFO: Run ReadHtmlCache Behavior [ RunTime:0.001000s ]
INFO: [ app_begin ] --END-- [ RunTime:0.001000s ]
SQL: SHOW COLUMNS FROM `pa_clickcount` [ RunTime:0.005000s ]
SQL: SELECT * FROM `pa_clickcount` WHERE ( id=1 )  [ RunTime:0.002000s ]
SQL: UPDATE `pa_clickcount` SET `count`=7320 WHERE ( `id` = 1 ) [ RunTime:0.316018s ]
SQL: SHOW COLUMNS FROM `pa_relannounce` [ RunTime:0.005000s ]
SQL: SELECT `id`,`status` FROM `pa_relannounce` ORDER BY `id` DESC LIMIT 6   [ RunTime:0.001001s ]
SQL: SELECT `id`,`title`,`status`,`updata_time` FROM `pa_relannounce` WHERE ( `id` = 19 ) LIMIT 1   [ RunTime:0.001000s ]
SQL: SELECT `id`,`title`,`status`,`updata_time` FROM `pa_relannounce` WHERE ( `id` = 18 ) LIMIT 1   [ RunTime:0.001000s ]
SQL: SELECT `id`,`title`,`status`,`updata_time` FROM `pa_relannounce` WHERE ( `id` = 17 ) LIMIT 1   [ RunTime:0.000000s ]
SQL: SELECT `id`,`title`,`status`,`updata_time` FROM `pa_relannounce` WHERE ( `id` = 16 ) LIMIT 1   [ RunTime:0.002000s ]
SQL: SELECT `id`,`title`,`status`,`updata_time` FROM `pa_relannounce` WHERE ( `id` = 15 ) LIMIT 1   [ RunTime:0.001000s ]
SQL: SELECT `id`,`title`,`status`,`updata_time` FROM `pa_relannounce` WHERE ( `id` = 14 ) LIMIT 1   [ RunTime:0.001000s ]
SQL: SHOW COLUMNS FROM `pa_member` [ RunTime:0.004000s ]
SQL: SELECT * FROM `pa_member` WHERE ( isvip=1 ) LIMIT 9   [ RunTime:0.001000s ]
NOTIC: [8] Undefined index: nickname D:\xampp\htdocs\gkmaker\Home\Lib\Action\IndexAction.class.php 第 25 行.
NOTIC: [8] Undefined index: uid D:\xampp\htdocs\gkmaker\Home\Lib\Action\IndexAction.class.php 第 26 行.
SQL: SHOW COLUMNS FROM `pa_chuangyi` [ RunTime:0.004001s ]
SQL: SELECT * FROM `pa_chuangyi` WHERE ( status=1 ) LIMIT 9   [ RunTime:0.001000s ]
SQL: SHOW COLUMNS FROM `pa_game` [ RunTime:0.004000s ]
SQL: SELECT * FROM `pa_game` WHERE ( cid=1 ) ORDER BY id desc  [ RunTime:0.002000s ]
SQL: SHOW COLUMNS FROM `pa_news` [ RunTime:0.004000s ]
SQL: SELECT * FROM `pa_news` WHERE ( status=1 ) ORDER BY id desc LIMIT 6   [ RunTime:0.001000s ]
SQL: SELECT * FROM `pa_news` WHERE ( status=1  AND is_screen=1 ) ORDER BY id desc LIMIT 7   [ RunTime:0.001000s ]
SQL: SHOW COLUMNS FROM `pa_teacher` [ RunTime:0.004000s ]
SQL: SELECT * FROM `pa_teacher` WHERE ( status=1 ) LIMIT 8   [ RunTime:0.001000s ]
INFO: [ view_template ] --START--
INFO: Run LocationTemplate Behavior [ RunTime:0.002000s ]
INFO: [ view_template ] --END-- [ RunTime:0.002000s ]
INFO: [ view_parse ] --START--
INFO: Run ParseTemplate Behavior [ RunTime:0.050003s ]
INFO: [ view_parse ] --END-- [ RunTime:0.050003s ]
INFO: [ view_filter ] --START--
INFO: Run ContentReplace Behavior [ RunTime:0.002000s ]
INFO: Run TokenBuild Behavior [ RunTime:0.001000s ]
INFO: Run WriteHtmlCache Behavior [ RunTime:0.000000s ]
INFO: Run ShowRuntime Behavior [ RunTime:0.001000s ]
INFO: [ view_filter ] --END-- [ RunTime:0.004000s ]
INFO: [ view_end ] --START--
INFO: Run ShowPageTrace Behavior [ RunTime:0.001000s ]
INFO: [ view_end ] --END-- [ RunTime:0.001000s ]

[ 2017-06-22T12:28:19+08:00 ] 0.0.0.0 /gkmaker/index.php
INFO: [ app_begin ] --START--
INFO: Run ReadHtmlCache Behavior [ RunTime:0.002000s ]
INFO: [ app_begin ] --END-- [ RunTime:0.002000s ]
SQL: SHOW COLUMNS FROM `pa_clickcount` [ RunTime:0.005000s ]
SQL: SELECT * FROM `pa_clickcount` WHERE ( id=1 )  [ RunTime:0.001000s ]
SQL: UPDATE `pa_clickcount` SET `count`=7321 WHERE ( `id` = 1 ) [ RunTime:0.090006s ]
SQL: SHOW COLUMNS FROM `pa_relannounce` [ RunTime:0.008000s ]
SQL: SELECT `id`,`status` FROM `pa_relannounce` ORDER BY `id` DESC LIMIT 6   [ RunTime:0.001000s ]
SQL: SELECT `id`,`title`,`status`,`updata_time` FROM `pa_relannounce` WHERE ( `id` = 19 ) LIMIT 1   [ RunTime:0.002000s ]
SQL: SELECT `id`,`title`,`status`,`updata_time` FROM `pa_relannounce` WHERE ( `id` = 18 ) LIMIT 1   [ RunTime:0.001000s ]
SQL: SELECT `id`,`title`,`status`,`updata_time` FROM `pa_relannounce` WHERE ( `id` = 17 ) LIMIT 1   [ RunTime:0.002000s ]
SQL: SELECT `id`,`title`,`status`,`updata_time` FROM `pa_relannounce` WHERE ( `id` = 16 ) LIMIT 1   [ RunTime:0.001000s ]
SQL: SELECT `id`,`title`,`status`,`updata_time` FROM `pa_relannounce` WHERE ( `id` = 15 ) LIMIT 1   [ RunTime:0.001000s ]
SQL: SELECT `id`,`title`,`status`,`updata_time` FROM `pa_relannounce` WHERE ( `id` = 14 ) LIMIT 1   [ RunTime:0.001000s ]
SQL: SHOW COLUMNS FROM `pa_member` [ RunTime:0.007000s ]
SQL: SELECT * FROM `pa_member` WHERE ( isvip=1 ) LIMIT 9   [ RunTime:0.002000s ]
NOTIC: [8] Undefined index: nickname D:\xampp\htdocs\gkmaker\Home\Lib\Action\IndexAction.class.php 第 25 行.
NOTIC: [8] Undefined index: uid D:\xampp\htdocs\gkmaker\Home\Lib\Action\IndexAction.class.php 第 26 行.
SQL: SHOW COLUMNS FROM `pa_chuangyi` [ RunTime:0.010001s ]
SQL: SELECT * FROM `pa_chuangyi` WHERE ( status=1 ) LIMIT 9   [ RunTime:0.001000s ]
SQL: SHOW COLUMNS FROM `pa_game` [ RunTime:0.006000s ]
SQL: SELECT * FROM `pa_game` WHERE ( cid=1 ) ORDER BY id desc  [ RunTime:0.002000s ]
SQL: SHOW COLUMNS FROM `pa_news` [ RunTime:0.008001s ]
SQL: SELECT * FROM `pa_news` WHERE ( status=1 ) ORDER BY id desc LIMIT 6   [ RunTime:0.001000s ]
SQL: SELECT * FROM `pa_news` WHERE ( status=1  AND is_screen=1 ) ORDER BY id desc LIMIT 7   [ RunTime:0.001000s ]
SQL: SHOW COLUMNS FROM `pa_teacher` [ RunTime:0.004000s ]
SQL: SELECT * FROM `pa_teacher` WHERE ( status=1 ) LIMIT 8   [ RunTime:0.001000s ]
INFO: [ view_template ] --START--
INFO: Run LocationTemplate Behavior [ RunTime:0.002001s ]
INFO: [ view_template ] --END-- [ RunTime:0.002001s ]
INFO: [ view_parse ] --START--
INFO: Run ParseTemplate Behavior [ RunTime:0.024001s ]
INFO: [ view_parse ] --END-- [ RunTime:0.025001s ]
INFO: [ view_filter ] --START--
INFO: Run ContentReplace Behavior [ RunTime:0.001000s ]
INFO: Run TokenBuild Behavior [ RunTime:0.000000s ]
INFO: Run WriteHtmlCache Behavior [ RunTime:0.000000s ]
INFO: Run ShowRuntime Behavior [ RunTime:0.001000s ]
INFO: [ view_filter ] --END-- [ RunTime:0.003000s ]
INFO: [ view_end ] --START--
INFO: Run ShowPageTrace Behavior [ RunTime:0.001000s ]
INFO: [ view_end ] --END-- [ RunTime:0.001000s ]

[ 2017-06-22T12:28:28+08:00 ] 0.0.0.0 /gkmaker/index.php/Base/verify_code
INFO: [ route_check ] --START--
INFO: Run CheckRoute Behavior [ RunTime:0.001000s ]
INFO: [ route_check ] --END-- [ RunTime:0.001000s ]
INFO: [ app_begin ] --START--
INFO: Run ReadHtmlCache Behavior [ RunTime:0.001000s ]
INFO: [ app_begin ] --END-- [ RunTime:0.001000s ]

[ 2017-06-22T12:28:44+08:00 ] 0.0.0.0 /gkmaker/index.php/Base/verify_code
INFO: [ route_check ] --START--
INFO: Run CheckRoute Behavior [ RunTime:0.002000s ]
INFO: [ route_check ] --END-- [ RunTime:0.002000s ]
INFO: [ app_begin ] --START--
INFO: Run ReadHtmlCache Behavior [ RunTime:0.001001s ]
INFO: [ app_begin ] --END-- [ RunTime:0.001001s ]

[ 2017-06-22T12:28:44+08:00 ] 0.0.0.0 /gkmaker/index.php/Base/verify_code
INFO: [ route_check ] --START--
INFO: Run CheckRoute Behavior [ RunTime:0.001000s ]
INFO: [ route_check ] --END-- [ RunTime:0.001000s ]
INFO: [ app_begin ] --START--
INFO: Run ReadHtmlCache Behavior [ RunTime:0.000000s ]
INFO: [ app_begin ] --END-- [ RunTime:0.000000s ]

[ 2017-06-22T12:28:44+08:00 ] 0.0.0.0 /gkmaker/index.php/Base/verify_code
INFO: [ route_check ] --START--
INFO: Run CheckRoute Behavior [ RunTime:0.002000s ]
INFO: [ route_check ] --END-- [ RunTime:0.002000s ]
INFO: [ app_begin ] --START--
INFO: Run ReadHtmlCache Behavior [ RunTime:0.001000s ]
INFO: [ app_begin ] --END-- [ RunTime:0.001000s ]

[ 2017-06-22T12:30:15+08:00 ] 0.0.0.0 /gkmaker/index.php/Base/verify_code?rand=0.8530080403144522
INFO: [ route_check ] --START--
INFO: Run CheckRoute Behavior [ RunTime:0.002001s ]
INFO: [ route_check ] --END-- [ RunTime:0.002001s ]
INFO: [ app_begin ] --START--
INFO: Run ReadHtmlCache Behavior [ RunTime:0.001000s ]
INFO: [ app_begin ] --END-- [ RunTime:0.001000s ]

[ 2017-06-22T12:30:17+08:00 ] 0.0.0.0 /gkmaker/index.php/Base/verify_code?rand=0.8530080403144522?rand=0.022591958126071843
INFO: [ route_check ] --START--
INFO: Run CheckRoute Behavior [ RunTime:0.001000s ]
INFO: [ route_check ] --END-- [ RunTime:0.001000s ]
INFO: [ app_begin ] --START--
INFO: Run ReadHtmlCache Behavior [ RunTime:0.001000s ]
INFO: [ app_begin ] --END-- [ RunTime:0.001000s ]

[ 2017-06-22T12:30:17+08:00 ] 0.0.0.0 /gkmaker/index.php/Base/verify_code?rand=0.8530080403144522?rand=0.022591958126071843?rand=0.7753363382543803
INFO: [ route_check ] --START--
INFO: Run CheckRoute Behavior [ RunTime:0.001000s ]
INFO: [ route_check ] --END-- [ RunTime:0.001000s ]
INFO: [ app_begin ] --START--
INFO: Run ReadHtmlCache Behavior [ RunTime:0.002000s ]
INFO: [ app_begin ] --END-- [ RunTime:0.002000s ]

[ 2017-06-22T12:30:21+08:00 ] 0.0.0.0 /gkmaker/index.php/Base/verify_code?rand=0.8530080403144522?rand=0.022591958126071843?rand=0.7753363382543803?rand=0.20382326439767295
INFO: [ route_check ] --START--
INFO: Run CheckRoute Behavior [ RunTime:0.001000s ]
INFO: [ route_check ] --END-- [ RunTime:0.001000s ]
INFO: [ app_begin ] --START--
INFO: Run ReadHtmlCache Behavior [ RunTime:0.001000s ]
INFO: [ app_begin ] --END-- [ RunTime:0.001000s ]

[ 2017-06-22T12:35:26+08:00 ] 0.0.0.0 /gkmaker/index.php/Base/verify_code?rand=0.8530080403144522?rand=0.022591958126071843?rand=0.7753363382543803?rand=0.20382326439767295?rand=0.40713882108955834
INFO: [ route_check ] --START--
INFO: Run CheckRoute Behavior [ RunTime:0.001000s ]
INFO: [ route_check ] --END-- [ RunTime:0.001000s ]
INFO: [ app_begin ] --START--
INFO: Run ReadHtmlCache Behavior [ RunTime:0.001000s ]
INFO: [ app_begin ] --END-- [ RunTime:0.001000s ]

[ 2017-06-22T12:35:33+08:00 ] 0.0.0.0 /gkmaker/index.php/Base/verify_code?rand=0.8530080403144522?rand=0.022591958126071843?rand=0.7753363382543803?rand=0.20382326439767295?rand=0.40713882108955834?rand=0.44757583649942445
INFO: [ route_check ] --START--
INFO: Run CheckRoute Behavior [ RunTime:0.000000s ]
INFO: [ route_check ] --END-- [ RunTime:0.000000s ]
INFO: [ app_begin ] --START--
INFO: Run ReadHtmlCache Behavior [ RunTime:0.000000s ]
INFO: [ app_begin ] --END-- [ RunTime:0.000000s ]

[ 2017-06-22T12:35:39+08:00 ] 0.0.0.0 /gkmaker/index.php/Base/verify_code?rand=0.8530080403144522?rand=0.022591958126071843?rand=0.7753363382543803?rand=0.20382326439767295?rand=0.40713882108955834?rand=0.44757583649942445?rand=0.8150709685043547
INFO: [ route_check ] --START--
INFO: Run CheckRoute Behavior [ RunTime:0.002000s ]
INFO: [ route_check ] --END-- [ RunTime:0.002000s ]
INFO: [ app_begin ] --START--
INFO: Run ReadHtmlCache Behavior [ RunTime:0.001001s ]
INFO: [ app_begin ] --END-- [ RunTime:0.001001s ]

[ 2017-06-22T12:35:40+08:00 ] 0.0.0.0 /gkmaker/index.php/Base/verify_code
INFO: [ route_check ] --START--
INFO: Run CheckRoute Behavior [ RunTime:0.001000s ]
INFO: [ route_check ] --END-- [ RunTime:0.001000s ]
INFO: [ app_begin ] --START--
INFO: Run ReadHtmlCache Behavior [ RunTime:0.002000s ]
INFO: [ app_begin ] --END-- [ RunTime:0.002000s ]

[ 2017-06-22T12:42:01+08:00 ] 0.0.0.0 /gkmaker/index.php/Base/verify_code
INFO: [ route_check ] --START--
INFO: Run CheckRoute Behavior [ RunTime:0.001000s ]
INFO: [ route_check ] --END-- [ RunTime:0.001000s ]
INFO: [ app_begin ] --START--
INFO: Run ReadHtmlCache Behavior [ RunTime:0.001000s ]
INFO: [ app_begin ] --END-- [ RunTime:0.001000s ]

[ 2017-06-22T12:43:10+08:00 ] 0.0.0.0 /gkmaker/index.php/Base/verify_code
INFO: [ route_check ] --START--
INFO: Run CheckRoute Behavior [ RunTime:0.001000s ]
INFO: [ route_check ] --END-- [ RunTime:0.002000s ]
INFO: [ app_begin ] --START--
INFO: Run ReadHtmlCache Behavior [ RunTime:0.002000s ]
INFO: [ app_begin ] --END-- [ RunTime:0.002000s ]

[ 2017-06-22T12:43:58+08:00 ] 0.0.0.0 /gkmaker/index.php/Base/verify_code?rand=0.5820669468408297
INFO: [ route_check ] --START--
INFO: Run CheckRoute Behavior [ RunTime:0.001000s ]
INFO: [ route_check ] --END-- [ RunTime:0.001000s ]
INFO: [ app_begin ] --START--
INFO: Run ReadHtmlCache Behavior [ RunTime:0.001000s ]
INFO: [ app_begin ] --END-- [ RunTime:0.001000s ]

[ 2017-06-22T12:46:53+08:00 ] 0.0.0.0 /gkmaker/index.php
INFO: [ app_begin ] --START--
INFO: Run ReadHtmlCache Behavior [ RunTime:0.001000s ]
INFO: [ app_begin ] --END-- [ RunTime:0.001000s ]
SQL: SHOW COLUMNS FROM `pa_clickcount` [ RunTime:0.004000s ]
SQL: SELECT * FROM `pa_clickcount` WHERE ( id=1 )  [ RunTime:0.001000s ]
SQL: UPDATE `pa_clickcount` SET `count`=7322 WHERE ( `id` = 1 ) [ RunTime:0.141008s ]
SQL: SHOW COLUMNS FROM `pa_relannounce` [ RunTime:0.005000s ]
SQL: SELECT `id`,`status` FROM `pa_relannounce` ORDER BY `id` DESC LIMIT 6   [ RunTime:0.001000s ]
SQL: SELECT `id`,`title`,`status`,`updata_time` FROM `pa_relannounce` WHERE ( `id` = 19 ) LIMIT 1   [ RunTime:0.001000s ]
SQL: SELECT `id`,`title`,`status`,`updata_time` FROM `pa_relannounce` WHERE ( `id` = 18 ) LIMIT 1   [ RunTime:0.001000s ]
SQL: SELECT `id`,`title`,`status`,`updata_time` FROM `pa_relannounce` WHERE ( `id` = 17 ) LIMIT 1   [ RunTime:0.001001s ]
SQL: SELECT `id`,`title`,`status`,`updata_time` FROM `pa_relannounce` WHERE ( `id` = 16 ) LIMIT 1   [ RunTime:0.000000s ]
SQL: SELECT `id`,`title`,`status`,`updata_time` FROM `pa_relannounce` WHERE ( `id` = 15 ) LIMIT 1   [ RunTime:0.000000s ]
SQL: SELECT `id`,`title`,`status`,`updata_time` FROM `pa_relannounce` WHERE ( `id` = 14 ) LIMIT 1   [ RunTime:0.000000s ]
SQL: SHOW COLUMNS FROM `pa_member` [ RunTime:0.005000s ]
SQL: SELECT * FROM `pa_member` WHERE ( isvip=1 ) LIMIT 9   [ RunTime:0.001000s ]
NOTIC: [8] Undefined index: nickname D:\xampp\htdocs\gkmaker\Home\Lib\Action\IndexAction.class.php 第 25 行.
NOTIC: [8] Undefined index: uid D:\xampp\htdocs\gkmaker\Home\Lib\Action\IndexAction.class.php 第 26 行.
SQL: SHOW COLUMNS FROM `pa_chuangyi` [ RunTime:0.004000s ]
SQL: SELECT * FROM `pa_chuangyi` WHERE ( status=1 ) LIMIT 9   [ RunTime:0.001000s ]
SQL: SHOW COLUMNS FROM `pa_game` [ RunTime:0.005001s ]
SQL: SELECT * FROM `pa_game` WHERE ( cid=1 ) ORDER BY id desc  [ RunTime:0.002000s ]
SQL: SHOW COLUMNS FROM `pa_news` [ RunTime:0.005000s ]
SQL: SELECT * FROM `pa_news` WHERE ( status=1 ) ORDER BY id desc LIMIT 6   [ RunTime:0.001000s ]
SQL: SELECT * FROM `pa_news` WHERE ( status=1  AND is_screen=1 ) ORDER BY id desc LIMIT 7   [ RunTime:0.001000s ]
SQL: SHOW COLUMNS FROM `pa_teacher` [ RunTime:0.004000s ]
SQL: SELECT * FROM `pa_teacher` WHERE ( status=1 ) LIMIT 8   [ RunTime:0.001000s ]
INFO: [ view_template ] --START--
INFO: Run LocationTemplate Behavior [ RunTime:0.002001s ]
INFO: [ view_template ] --END-- [ RunTime:0.002001s ]
INFO: [ view_parse ] --START--
INFO: Run ParseTemplate Behavior [ RunTime:0.024001s ]
INFO: [ view_parse ] --END-- [ RunTime:0.024001s ]
INFO: [ view_filter ] --START--
INFO: Run ContentReplace Behavior [ RunTime:0.001000s ]
INFO: Run TokenBuild Behavior [ RunTime:0.001000s ]
INFO: Run WriteHtmlCache Behavior [ RunTime:0.001000s ]
INFO: Run ShowRuntime Behavior [ RunTime:0.001000s ]
INFO: [ view_filter ] --END-- [ RunTime:0.004000s ]
INFO: [ view_end ] --START--
INFO: Run ShowPageTrace Behavior [ RunTime:0.001000s ]
INFO: [ view_end ] --END-- [ RunTime:0.001000s ]

[ 2017-06-22T12:46:54+08:00 ] 0.0.0.0 /gkmaker/index.php
INFO: [ app_begin ] --START--
INFO: Run ReadHtmlCache Behavior [ RunTime:0.001000s ]
INFO: [ app_begin ] --END-- [ RunTime:0.002000s ]
SQL: SHOW COLUMNS FROM `pa_clickcount` [ RunTime:0.005000s ]
SQL: SELECT * FROM `pa_clickcount` WHERE ( id=1 )  [ RunTime:0.001000s ]
SQL: UPDATE `pa_clickcount` SET `count`=7323 WHERE ( `id` = 1 ) [ RunTime:0.232013s ]
SQL: SHOW COLUMNS FROM `pa_relannounce` [ RunTime:0.004000s ]
SQL: SELECT `id`,`status` FROM `pa_relannounce` ORDER BY `id` DESC LIMIT 6   [ RunTime:0.001001s ]
SQL: SELECT `id`,`title`,`status`,`updata_time` FROM `pa_relannounce` WHERE ( `id` = 19 ) LIMIT 1   [ RunTime:0.001000s ]
SQL: SELECT `id`,`title`,`status`,`updata_time` FROM `pa_relannounce` WHERE ( `id` = 18 ) LIMIT 1   [ RunTime:0.001000s ]
SQL: SELECT `id`,`title`,`status`,`updata_time` FROM `pa_relannounce` WHERE ( `id` = 17 ) LIMIT 1   [ RunTime:0.001000s ]
SQL: SELECT `id`,`title`,`status`,`updata_time` FROM `pa_relannounce` WHERE ( `id` = 16 ) LIMIT 1   [ RunTime:0.001000s ]
SQL: SELECT `id`,`title`,`status`,`updata_time` FROM `pa_relannounce` WHERE ( `id` = 15 ) LIMIT 1   [ RunTime:0.001000s ]
SQL: SELECT `id`,`title`,`status`,`updata_time` FROM `pa_relannounce` WHERE ( `id` = 14 ) LIMIT 1   [ RunTime:0.001000s ]
SQL: SHOW COLUMNS FROM `pa_member` [ RunTime:0.004000s ]
SQL: SELECT * FROM `pa_member` WHERE ( isvip=1 ) LIMIT 9   [ RunTime:0.000000s ]
NOTIC: [8] Undefined index: nickname D:\xampp\htdocs\gkmaker\Home\Lib\Action\IndexAction.class.php 第 25 行.
NOTIC: [8] Undefined index: uid D:\xampp\htdocs\gkmaker\Home\Lib\Action\IndexAction.class.php 第 26 行.
SQL: SHOW COLUMNS FROM `pa_chuangyi` [ RunTime:0.004000s ]
SQL: SELECT * FROM `pa_chuangyi` WHERE ( status=1 ) LIMIT 9   [ RunTime:0.001000s ]
SQL: SHOW COLUMNS FROM `pa_game` [ RunTime:0.004000s ]
SQL: SELECT * FROM `pa_game` WHERE ( cid=1 ) ORDER BY id desc  [ RunTime:0.001000s ]
SQL: SHOW COLUMNS FROM `pa_news` [ RunTime:0.004000s ]
SQL: SELECT * FROM `pa_news` WHERE ( status=1 ) ORDER BY id desc LIMIT 6   [ RunTime:0.002000s ]
SQL: SELECT * FROM `pa_news` WHERE ( status=1  AND is_screen=1 ) ORDER BY id desc LIMIT 7   [ RunTime:0.001000s ]
SQL: SHOW COLUMNS FROM `pa_teacher` [ RunTime:0.004001s ]
SQL: SELECT * FROM `pa_teacher` WHERE ( status=1 ) LIMIT 8   [ RunTime:0.001000s ]
INFO: [ view_template ] --START--
INFO: Run LocationTemplate Behavior [ RunTime:0.002000s ]
INFO: [ view_template ] --END-- [ RunTime:0.002000s ]
INFO: [ view_parse ] --START--
INFO: Run ParseTemplate Behavior [ RunTime:0.024001s ]
INFO: [ view_parse ] --END-- [ RunTime:0.024001s ]
INFO: [ view_filter ] --START--
INFO: Run ContentReplace Behavior [ RunTime:0.001000s ]
INFO: Run TokenBuild Behavior [ RunTime:0.001000s ]
INFO: Run WriteHtmlCache Behavior [ RunTime:0.000000s ]
INFO: Run ShowRuntime Behavior [ RunTime:0.001000s ]
INFO: [ view_filter ] --END-- [ RunTime:0.003000s ]
INFO: [ view_end ] --START--
INFO: Run ShowPageTrace Behavior [ RunTime:0.001000s ]
INFO: [ view_end ] --END-- [ RunTime:0.002000s ]

[ 2017-06-22T12:47:58+08:00 ] 0.0.0.0 /gkmaker/index.php/Game/game
INFO: [ route_check ] --START--
INFO: Run CheckRoute Behavior [ RunTime:0.001000s ]
INFO: [ route_check ] --END-- [ RunTime:0.001000s ]
INFO: [ app_begin ] --START--
INFO: Run ReadHtmlCache Behavior [ RunTime:0.000000s ]
INFO: [ app_begin ] --END-- [ RunTime:0.000000s ]
SQL: SHOW COLUMNS FROM `pa_game` [ RunTime:0.008000s ]
SQL: SELECT * FROM `pa_game` WHERE ( cid = 1  )  [ RunTime:0.002000s ]
NOTIC: [8] Undefined index: nickname D:\xampp\htdocs\gkmaker\Home\Lib\Action\GameAction.class.php 第 43 行.
NOTIC: [8] Undefined index: uid D:\xampp\htdocs\gkmaker\Home\Lib\Action\GameAction.class.php 第 44 行.
INFO: [ view_template ] --START--
INFO: Run LocationTemplate Behavior [ RunTime:0.001000s ]
INFO: [ view_template ] --END-- [ RunTime:0.001000s ]
INFO: [ view_parse ] --START--
INFO: Run ParseTemplate Behavior [ RunTime:0.013001s ]
INFO: [ view_parse ] --END-- [ RunTime:0.014001s ]
INFO: [ view_filter ] --START--
INFO: Run ContentReplace Behavior [ RunTime:0.000000s ]
INFO: Run TokenBuild Behavior [ RunTime:0.001000s ]
INFO: Run WriteHtmlCache Behavior [ RunTime:0.001000s ]
INFO: Run ShowRuntime Behavior [ RunTime:0.000000s ]
INFO: [ view_filter ] --END-- [ RunTime:0.002000s ]
INFO: [ view_end ] --START--
INFO: Run ShowPageTrace Behavior [ RunTime:0.001000s ]
INFO: [ view_end ] --END-- [ RunTime:0.001000s ]

[ 2017-06-22T12:47:58+08:00 ] 0.0.0.0 /gkmaker/index.php/Game/game
INFO: [ route_check ] --START--
INFO: Run CheckRoute Behavior [ RunTime:0.001000s ]
INFO: [ route_check ] --END-- [ RunTime:0.002000s ]
INFO: [ app_begin ] --START--
INFO: Run ReadHtmlCache Behavior [ RunTime:0.001000s ]
INFO: [ app_begin ] --END-- [ RunTime:0.001000s ]
SQL: SHOW COLUMNS FROM `pa_game` [ RunTime:0.045002s ]
SQL: SELECT * FROM `pa_game` WHERE ( cid = 1  )  [ RunTime:0.004000s ]
NOTIC: [8] Undefined index: nickname D:\xampp\htdocs\gkmaker\Home\Lib\Action\GameAction.class.php 第 43 行.
NOTIC: [8] Undefined index: uid D:\xampp\htdocs\gkmaker\Home\Lib\Action\GameAction.class.php 第 44 行.
INFO: [ view_template ] --START--
INFO: Run LocationTemplate Behavior [ RunTime:0.002001s ]
INFO: [ view_template ] --END-- [ RunTime:0.002001s ]
INFO: [ view_parse ] --START--
INFO: Run ParseTemplate Behavior [ RunTime:0.018001s ]
INFO: [ view_parse ] --END-- [ RunTime:0.018001s ]
INFO: [ view_filter ] --START--
INFO: Run ContentReplace Behavior [ RunTime:0.002000s ]
INFO: Run TokenBuild Behavior [ RunTime:0.002000s ]
INFO: Run WriteHtmlCache Behavior [ RunTime:0.001000s ]
INFO: Run ShowRuntime Behavior [ RunTime:0.001000s ]
INFO: [ view_filter ] --END-- [ RunTime:0.006000s ]
INFO: [ view_end ] --START--
INFO: Run ShowPageTrace Behavior [ RunTime:0.002000s ]
INFO: [ view_end ] --END-- [ RunTime:0.002000s ]

[ 2017-06-22T12:47:58+08:00 ] 0.0.0.0 /gkmaker/index.php/Game/game
INFO: [ route_check ] --START--
INFO: Run CheckRoute Behavior [ RunTime:0.001000s ]
INFO: [ route_check ] --END-- [ RunTime:0.001000s ]
INFO: [ app_begin ] --START--
INFO: Run ReadHtmlCache Behavior [ RunTime:0.000000s ]
INFO: [ app_begin ] --END-- [ RunTime:0.000000s ]
SQL: SHOW COLUMNS FROM `pa_game` [ RunTime:0.005000s ]
SQL: SELECT * FROM `pa_game` WHERE ( cid = 1  )  [ RunTime:0.004000s ]
NOTIC: [8] Undefined index: nickname D:\xampp\htdocs\gkmaker\Home\Lib\Action\GameAction.class.php 第 43 行.
NOTIC: [8] Undefined index: uid D:\xampp\htdocs\gkmaker\Home\Lib\Action\GameAction.class.php 第 44 行.
INFO: [ view_template ] --START--
INFO: Run LocationTemplate Behavior [ RunTime:0.002000s ]
INFO: [ view_template ] --END-- [ RunTime:0.002000s ]
INFO: [ view_parse ] --START--
INFO: Run ParseTemplate Behavior [ RunTime:0.014001s ]
INFO: [ view_parse ] --END-- [ RunTime:0.015001s ]
INFO: [ view_filter ] --START--
INFO: Run ContentReplace Behavior [ RunTime:0.000000s ]
INFO: Run TokenBuild Behavior [ RunTime:0.001000s ]
INFO: Run WriteHtmlCache Behavior [ RunTime:0.000000s ]
INFO: Run ShowRuntime Behavior [ RunTime:0.001000s ]
INFO: [ view_filter ] --END-- [ RunTime:0.002000s ]
INFO: [ view_end ] --START--
INFO: Run ShowPageTrace Behavior [ RunTime:0.001000s ]
INFO: [ view_end ] --END-- [ RunTime:0.001000s ]

[ 2017-06-22T12:47:58+08:00 ] 0.0.0.0 /gkmaker/index.php/Game/game
INFO: [ route_check ] --START--
INFO: Run CheckRoute Behavior [ RunTime:0.001000s ]
INFO: [ route_check ] --END-- [ RunTime:0.001000s ]
INFO: [ app_begin ] --START--
INFO: Run ReadHtmlCache Behavior [ RunTime:0.000000s ]
INFO: [ app_begin ] --END-- [ RunTime:0.000000s ]
SQL: SHOW COLUMNS FROM `pa_game` [ RunTime:0.004001s ]
SQL: SELECT * FROM `pa_game` WHERE ( cid = 1  )  [ RunTime:0.002000s ]
NOTIC: [8] Undefined index: nickname D:\xampp\htdocs\gkmaker\Home\Lib\Action\GameAction.class.php 第 43 行.
NOTIC: [8] Undefined index: uid D:\xampp\htdocs\gkmaker\Home\Lib\Action\GameAction.class.php 第 44 行.
INFO: [ view_template ] --START--
INFO: Run LocationTemplate Behavior [ RunTime:0.001000s ]
INFO: [ view_template ] --END-- [ RunTime:0.001000s ]
INFO: [ view_parse ] --START--
INFO: Run ParseTemplate Behavior [ RunTime:0.011000s ]
INFO: [ view_parse ] --END-- [ RunTime:0.011000s ]
INFO: [ view_filter ] --START--
INFO: Run ContentReplace Behavior [ RunTime:0.000000s ]
INFO: Run TokenBuild Behavior [ RunTime:0.001000s ]
INFO: Run WriteHtmlCache Behavior [ RunTime:0.000000s ]
INFO: Run ShowRuntime Behavior [ RunTime:0.001000s ]
INFO: [ view_filter ] --END-- [ RunTime:0.002000s ]
INFO: [ view_end ] --START--
INFO: Run ShowPageTrace Behavior [ RunTime:0.001001s ]
INFO: [ view_end ] --END-- [ RunTime:0.001001s ]

[ 2017-06-22T12:48:00+08:00 ] 0.0.0.0 /gkmaker/index.php/Listmember/index
INFO: [ route_check ] --START--
INFO: Run CheckRoute Behavior [ RunTime:0.001001s ]
INFO: [ route_check ] --END-- [ RunTime:0.001001s ]
INFO: [ app_begin ] --START--
INFO: Run ReadHtmlCache Behavior [ RunTime:0.001000s ]
INFO: [ app_begin ] --END-- [ RunTime:0.001000s ]
NOTIC: [8] Undefined index: uid D:\xampp\htdocs\gkmaker\Home\Lib\Action\ListmemberAction.class.php 第 41 行.
SQL: SHOW COLUMNS FROM `pa_member` [ RunTime:0.004000s ]
SQL: SELECT COUNT(*) AS tp_count FROM `pa_member` LIMIT 1   [ RunTime:0.001000s ]
SQL: SELECT * FROM `pa_member` ORDER BY `uid` DESC LIMIT 0, 12   [ RunTime:0.002000s ]
SQL: SELECT * FROM `pa_member` WHERE ( uid='' )  [ RunTime:0.001000s ]
NOTIC: [8] Undefined index: nickname D:\xampp\htdocs\gkmaker\Home\Lib\Action\ListmemberAction.class.php 第 52 行.
NOTIC: [8] Undefined index: uid D:\xampp\htdocs\gkmaker\Home\Lib\Action\ListmemberAction.class.php 第 53 行.
INFO: [ view_template ] --START--
INFO: Run LocationTemplate Behavior [ RunTime:0.001001s ]
INFO: [ view_template ] --END-- [ RunTime:0.001001s ]
INFO: [ view_parse ] --START--
INFO: Run ParseTemplate Behavior [ RunTime:0.015000s ]
INFO: [ view_parse ] --END-- [ RunTime:0.015000s ]
INFO: [ view_filter ] --START--
INFO: Run ContentReplace Behavior [ RunTime:0.002001s ]
INFO: Run TokenBuild Behavior [ RunTime:0.000000s ]
INFO: Run WriteHtmlCache Behavior [ RunTime:0.001000s ]
INFO: Run ShowRuntime Behavior [ RunTime:0.001000s ]
INFO: [ view_filter ] --END-- [ RunTime:0.004001s ]
INFO: [ view_end ] --START--
INFO: Run ShowPageTrace Behavior [ RunTime:0.001000s ]
INFO: [ view_end ] --END-- [ RunTime:0.001000s ]

[ 2017-06-22T12:48:00+08:00 ] 0.0.0.0 /gkmaker/index.php/Listmember/index
INFO: [ route_check ] --START--
INFO: Run CheckRoute Behavior [ RunTime:0.001000s ]
INFO: [ route_check ] --END-- [ RunTime:0.001000s ]
INFO: [ app_begin ] --START--
INFO: Run ReadHtmlCache Behavior [ RunTime:0.001000s ]
INFO: [ app_begin ] --END-- [ RunTime:0.001000s ]
NOTIC: [8] Undefined index: uid D:\xampp\htdocs\gkmaker\Home\Lib\Action\ListmemberAction.class.php 第 41 行.
SQL: SHOW COLUMNS FROM `pa_member` [ RunTime:0.005000s ]
SQL: SELECT COUNT(*) AS tp_count FROM `pa_member` LIMIT 1   [ RunTime:0.001000s ]
SQL: SELECT * FROM `pa_member` ORDER BY `uid` DESC LIMIT 0, 12   [ RunTime:0.001000s ]
SQL: SELECT * FROM `pa_member` WHERE ( uid='' )  [ RunTime:0.001001s ]
NOTIC: [8] Undefined index: nickname D:\xampp\htdocs\gkmaker\Home\Lib\Action\ListmemberAction.class.php 第 52 行.
NOTIC: [8] Undefined index: uid D:\xampp\htdocs\gkmaker\Home\Lib\Action\ListmemberAction.class.php 第 53 行.
INFO: [ view_template ] --START--
INFO: Run LocationTemplate Behavior [ RunTime:0.002000s ]
INFO: [ view_template ] --END-- [ RunTime:0.002000s ]
INFO: [ view_parse ] --START--
INFO: Run ParseTemplate Behavior [ RunTime:0.015001s ]
INFO: [ view_parse ] --END-- [ RunTime:0.015001s ]
INFO: [ view_filter ] --START--
INFO: Run ContentReplace Behavior [ RunTime:0.002000s ]
INFO: Run TokenBuild Behavior [ RunTime:0.001000s ]
INFO: Run WriteHtmlCache Behavior [ RunTime:0.000000s ]
INFO: Run ShowRuntime Behavior [ RunTime:0.001000s ]
INFO: [ view_filter ] --END-- [ RunTime:0.004000s ]
INFO: [ view_end ] --START--
INFO: Run ShowPageTrace Behavior [ RunTime:0.001000s ]
INFO: [ view_end ] --END-- [ RunTime:0.001000s ]

[ 2017-06-22T12:48:02+08:00 ] 0.0.0.0 /gkmaker/index.php/Guestbook/index
INFO: [ route_check ] --START--
INFO: Run CheckRoute Behavior [ RunTime:0.001000s ]
INFO: [ route_check ] --END-- [ RunTime:0.001000s ]
INFO: [ app_begin ] --START--
INFO: Run ReadHtmlCache Behavior [ RunTime:0.001000s ]
INFO: [ app_begin ] --END-- [ RunTime:0.001000s ]
SQL: SHOW COLUMNS FROM `pa_guestbook` [ RunTime:0.005000s ]
SQL: SELECT COUNT(*) AS tp_count FROM `pa_guestbook` LIMIT 1   [ RunTime:0.002000s ]
SQL: SELECT * FROM `pa_guestbook` ORDER BY `time` DESC LIMIT 0 , 10   [ RunTime:0.001000s ]
NOTIC: [8] Undefined index: nickname D:\xampp\htdocs\gkmaker\Home\Lib\Action\GuestbookAction.class.php 第 21 行.
NOTIC: [8] Undefined index: uid D:\xampp\htdocs\gkmaker\Home\Lib\Action\GuestbookAction.class.php 第 22 行.
INFO: [ view_template ] --START--
INFO: Run LocationTemplate Behavior [ RunTime:0.001000s ]
INFO: [ view_template ] --END-- [ RunTime:0.001000s ]
INFO: [ view_parse ] --START--
INFO: Run ParseTemplate Behavior [ RunTime:0.013001s ]
INFO: [ view_parse ] --END-- [ RunTime:0.013001s ]
INFO: [ view_filter ] --START--
INFO: Run ContentReplace Behavior [ RunTime:0.000000s ]
INFO: Run TokenBuild Behavior [ RunTime:0.001000s ]
INFO: Run WriteHtmlCache Behavior [ RunTime:0.001000s ]
INFO: Run ShowRuntime Behavior [ RunTime:0.000000s ]
INFO: [ view_filter ] --END-- [ RunTime:0.002000s ]
INFO: [ view_end ] --START--
INFO: Run ShowPageTrace Behavior [ RunTime:0.001000s ]
INFO: [ view_end ] --END-- [ RunTime:0.001000s ]

[ 2017-06-22T12:48:03+08:00 ] 0.0.0.0 /gkmaker/index.php/Base/verify_code
INFO: [ route_check ] --START--
INFO: Run CheckRoute Behavior [ RunTime:0.001000s ]
INFO: [ route_check ] --END-- [ RunTime:0.001000s ]
INFO: [ app_begin ] --START--
INFO: Run ReadHtmlCache Behavior [ RunTime:0.001001s ]
INFO: [ app_begin ] --END-- [ RunTime:0.001001s ]

[ 2017-06-22T12:48:03+08:00 ] 0.0.0.0 /gkmaker/index.php/Guestbook/index
INFO: [ route_check ] --START--
INFO: Run CheckRoute Behavior [ RunTime:0.002000s ]
INFO: [ route_check ] --END-- [ RunTime:0.002000s ]
INFO: [ app_begin ] --START--
INFO: Run ReadHtmlCache Behavior [ RunTime:0.001000s ]
INFO: [ app_begin ] --END-- [ RunTime:0.001000s ]
SQL: SHOW COLUMNS FROM `pa_guestbook` [ RunTime:0.007001s ]
SQL: SELECT COUNT(*) AS tp_count FROM `pa_guestbook` LIMIT 1   [ RunTime:0.001000s ]
SQL: SELECT * FROM `pa_guestbook` ORDER BY `time` DESC LIMIT 0 , 10   [ RunTime:0.000000s ]
NOTIC: [8] Undefined index: nickname D:\xampp\htdocs\gkmaker\Home\Lib\Action\GuestbookAction.class.php 第 21 行.
NOTIC: [8] Undefined index: uid D:\xampp\htdocs\gkmaker\Home\Lib\Action\GuestbookAction.class.php 第 22 行.
INFO: [ view_template ] --START--
INFO: Run LocationTemplate Behavior [ RunTime:0.001000s ]
INFO: [ view_template ] --END-- [ RunTime:0.001000s ]
INFO: [ view_parse ] --START--
INFO: Run ParseTemplate Behavior [ RunTime:0.016001s ]
INFO: [ view_parse ] --END-- [ RunTime:0.016001s ]
INFO: [ view_filter ] --START--
INFO: Run ContentReplace Behavior [ RunTime:0.001000s ]
INFO: Run TokenBuild Behavior [ RunTime:0.001000s ]
INFO: Run WriteHtmlCache Behavior [ RunTime:0.000000s ]
INFO: Run ShowRuntime Behavior [ RunTime:0.001000s ]
INFO: [ view_filter ] --END-- [ RunTime:0.003000s ]
INFO: [ view_end ] --START--
INFO: Run ShowPageTrace Behavior [ RunTime:0.001000s ]
INFO: [ view_end ] --END-- [ RunTime:0.001000s ]

[ 2017-06-22T12:48:06+08:00 ] 0.0.0.0 /gkmaker/index.php/Science/index
INFO: [ route_check ] --START--
INFO: Run CheckRoute Behavior [ RunTime:0.002000s ]
INFO: [ route_check ] --END-- [ RunTime:0.002000s ]
INFO: [ app_begin ] --START--
INFO: Run ReadHtmlCache Behavior [ RunTime:0.001000s ]
INFO: [ app_begin ] --END-- [ RunTime:0.001000s ]
SQL: SHOW COLUMNS FROM `pa_science` [ RunTime:0.005001s ]
SQL: SELECT `id`,`status` FROM `pa_science`  [ RunTime:0.001000s ]
NOTIC: [8] Undefined variable: rel D:\xampp\htdocs\gkmaker\Home\Lib\Action\ScienceAction.class.php 第 12 行.
SQL: SHOW COLUMNS FROM `pa_download` [ RunTime:0.005000s ]
SQL: SELECT * FROM `pa_download` WHERE ( status=1 ) LIMIT 7   [ RunTime:0.001000s ]
SQL: SHOW COLUMNS FROM `pa_file` [ RunTime:0.005000s ]
SQL: SELECT * FROM `pa_file` WHERE ( status=1 ) LIMIT 7   [ RunTime:0.001000s ]
SQL: SHOW COLUMNS FROM `pa_introduction` [ RunTime:0.004001s ]
SQL: SELECT `id`,`status`,`type` FROM `pa_introduction`  [ RunTime:0.001000s ]
SQL: SELECT `id`,`content` FROM `pa_introduction` WHERE ( `id` = 1 ) LIMIT 1   [ RunTime:0.001000s ]
INFO: [ view_template ] --START--
INFO: Run LocationTemplate Behavior [ RunTime:0.001000s ]
INFO: [ view_template ] --END-- [ RunTime:0.001000s ]
INFO: [ view_parse ] --START--
INFO: Run ParseTemplate Behavior [ RunTime:0.011000s ]
INFO: [ view_parse ] --END-- [ RunTime:0.012000s ]
INFO: [ view_filter ] --START--
INFO: Run ContentReplace Behavior [ RunTime:0.000000s ]
INFO: Run TokenBuild Behavior [ RunTime:0.001000s ]
INFO: Run WriteHtmlCache Behavior [ RunTime:0.000000s ]
INFO: Run ShowRuntime Behavior [ RunTime:0.001000s ]
INFO: [ view_filter ] --END-- [ RunTime:0.002000s ]
INFO: [ view_end ] --START--
INFO: Run ShowPageTrace Behavior [ RunTime:0.001001s ]
INFO: [ view_end ] --END-- [ RunTime:0.001001s ]

[ 2017-06-22T12:48:15+08:00 ] 0.0.0.0 /gkmaker/index.php/Guestbook/index
INFO: [ route_check ] --START--
INFO: Run CheckRoute Behavior [ RunTime:0.000000s ]
INFO: [ route_check ] --END-- [ RunTime:0.000000s ]
INFO: [ app_begin ] --START--
INFO: Run ReadHtmlCache Behavior [ RunTime:0.000000s ]
INFO: [ app_begin ] --END-- [ RunTime:0.000000s ]
SQL: SHOW COLUMNS FROM `pa_guestbook` [ RunTime:0.004000s ]
SQL: SELECT COUNT(*) AS tp_count FROM `pa_guestbook` LIMIT 1   [ RunTime:0.001000s ]
SQL: SELECT * FROM `pa_guestbook` ORDER BY `time` DESC LIMIT 0 , 10   [ RunTime:0.001001s ]
NOTIC: [8] Undefined index: nickname D:\xampp\htdocs\gkmaker\Home\Lib\Action\GuestbookAction.class.php 第 21 行.
NOTIC: [8] Undefined index: uid D:\xampp\htdocs\gkmaker\Home\Lib\Action\GuestbookAction.class.php 第 22 行.
INFO: [ view_template ] --START--
INFO: Run LocationTemplate Behavior [ RunTime:0.002000s ]
INFO: [ view_template ] --END-- [ RunTime:0.002000s ]
INFO: [ view_parse ] --START--
INFO: Run ParseTemplate Behavior [ RunTime:0.015000s ]
INFO: [ view_parse ] --END-- [ RunTime:0.015000s ]
INFO: [ view_filter ] --START--
INFO: Run ContentReplace Behavior [ RunTime:0.001001s ]
INFO: Run TokenBuild Behavior [ RunTime:0.001000s ]
INFO: Run WriteHtmlCache Behavior [ RunTime:0.001000s ]
INFO: Run ShowRuntime Behavior [ RunTime:0.001000s ]
INFO: [ view_filter ] --END-- [ RunTime:0.004001s ]
INFO: [ view_end ] --START--
INFO: Run ShowPageTrace Behavior [ RunTime:0.001000s ]
INFO: [ view_end ] --END-- [ RunTime:0.001000s ]

[ 2017-06-22T12:48:15+08:00 ] 0.0.0.0 /gkmaker/index.php/Base/verify_code
INFO: [ route_check ] --START--
INFO: Run CheckRoute Behavior [ RunTime:0.001000s ]
INFO: [ route_check ] --END-- [ RunTime:0.001000s ]
INFO: [ app_begin ] --START--
INFO: Run ReadHtmlCache Behavior [ RunTime:0.000000s ]
INFO: [ app_begin ] --END-- [ RunTime:0.001000s ]

[ 2017-06-22T12:48:15+08:00 ] 0.0.0.0 /gkmaker/index.php/Guestbook/index
INFO: [ route_check ] --START--
INFO: Run CheckRoute Behavior [ RunTime:0.002001s ]
INFO: [ route_check ] --END-- [ RunTime:0.002001s ]
INFO: [ app_begin ] --START--
INFO: Run ReadHtmlCache Behavior [ RunTime:0.000000s ]
INFO: [ app_begin ] --END-- [ RunTime:0.000000s ]
SQL: SHOW COLUMNS FROM `pa_guestbook` [ RunTime:0.005000s ]
SQL: SELECT COUNT(*) AS tp_count FROM `pa_guestbook` LIMIT 1   [ RunTime:0.001000s ]
SQL: SELECT * FROM `pa_guestbook` ORDER BY `time` DESC LIMIT 0 , 10   [ RunTime:0.001000s ]
NOTIC: [8] Undefined index: nickname D:\xampp\htdocs\gkmaker\Home\Lib\Action\GuestbookAction.class.php 第 21 行.
NOTIC: [8] Undefined index: uid D:\xampp\htdocs\gkmaker\Home\Lib\Action\GuestbookAction.class.php 第 22 行.
INFO: [ view_template ] --START--
INFO: Run LocationTemplate Behavior [ RunTime:0.001000s ]
INFO: [ view_template ] --END-- [ RunTime:0.001000s ]
INFO: [ view_parse ] --START--
INFO: Run ParseTemplate Behavior [ RunTime:0.015001s ]
INFO: [ view_parse ] --END-- [ RunTime:0.015001s ]
INFO: [ view_filter ] --START--
INFO: Run ContentReplace Behavior [ RunTime:0.001000s ]
INFO: Run TokenBuild Behavior [ RunTime:0.001000s ]
INFO: Run WriteHtmlCache Behavior [ RunTime:0.001000s ]
INFO: Run ShowRuntime Behavior [ RunTime:0.001000s ]
INFO: [ view_filter ] --END-- [ RunTime:0.004000s ]
INFO: [ view_end ] --START--
INFO: Run ShowPageTrace Behavior [ RunTime:0.001000s ]
INFO: [ view_end ] --END-- [ RunTime:0.001000s ]

[ 2017-06-22T12:48:18+08:00 ] 0.0.0.0 /gkmaker/index.php/Ourmaker/index
INFO: [ route_check ] --START--
INFO: Run CheckRoute Behavior [ RunTime:0.002000s ]
INFO: [ route_check ] --END-- [ RunTime:0.002000s ]
INFO: [ app_begin ] --START--
INFO: Run ReadHtmlCache Behavior [ RunTime:0.002000s ]
INFO: [ app_begin ] --END-- [ RunTime:0.002000s ]
SQL: SHOW COLUMNS FROM `pa_ourmaker` [ RunTime:0.007000s ]
SQL: SELECT * FROM `pa_ourmaker`  [ RunTime:0.002000s ]
INFO: [ view_template ] --START--
INFO: Run LocationTemplate Behavior [ RunTime:0.002000s ]
INFO: [ view_template ] --END-- [ RunTime:0.002000s ]
INFO: [ view_parse ] --START--
INFO: Run ParseTemplate Behavior [ RunTime:0.016001s ]
INFO: [ view_parse ] --END-- [ RunTime:0.016001s ]
INFO: [ view_filter ] --START--
INFO: Run ContentReplace Behavior [ RunTime:0.001000s ]
INFO: Run TokenBuild Behavior [ RunTime:0.001001s ]
INFO: Run WriteHtmlCache Behavior [ RunTime:0.001000s ]
INFO: Run ShowRuntime Behavior [ RunTime:0.001000s ]
INFO: [ view_filter ] --END-- [ RunTime:0.004001s ]
INFO: [ view_end ] --START--
INFO: Run ShowPageTrace Behavior [ RunTime:0.001000s ]
INFO: [ view_end ] --END-- [ RunTime:0.001000s ]

[ 2017-06-22T12:48:33+08:00 ] 0.0.0.0 /gkmaker/index.php/Ourmaker/introduce
INFO: [ route_check ] --START--
INFO: Run CheckRoute Behavior [ RunTime:0.001000s ]
INFO: [ route_check ] --END-- [ RunTime:0.001000s ]
INFO: [ app_begin ] --START--
INFO: Run ReadHtmlCache Behavior [ RunTime:0.001000s ]
INFO: [ app_begin ] --END-- [ RunTime:0.001000s ]
SQL: SHOW COLUMNS FROM `pa_ourmaker` [ RunTime:0.005000s ]
SQL: SELECT * FROM `pa_ourmaker`  [ RunTime:0.001000s ]
INFO: [ view_template ] --START--
INFO: Run LocationTemplate Behavior [ RunTime:0.002000s ]
INFO: [ view_template ] --END-- [ RunTime:0.002000s ]
INFO: [ view_parse ] --START--
INFO: Run ParseTemplate Behavior [ RunTime:0.012001s ]
INFO: [ view_parse ] --END-- [ RunTime:0.012001s ]
INFO: [ view_filter ] --START--
INFO: Run ContentReplace Behavior [ RunTime:0.001000s ]
INFO: Run TokenBuild Behavior [ RunTime:0.001000s ]
INFO: Run WriteHtmlCache Behavior [ RunTime:0.000000s ]
INFO: Run ShowRuntime Behavior [ RunTime:0.001000s ]
INFO: [ view_filter ] --END-- [ RunTime:0.003000s ]
INFO: [ view_end ] --START--
INFO: Run ShowPageTrace Behavior [ RunTime:0.002000s ]
INFO: [ view_end ] --END-- [ RunTime:0.002000s ]

[ 2017-06-22T12:48:33+08:00 ] 0.0.0.0 /gkmaker/index.php/Ourmaker/index
INFO: [ route_check ] --START--
INFO: Run CheckRoute Behavior [ RunTime:0.001000s ]
INFO: [ route_check ] --END-- [ RunTime:0.001000s ]
INFO: [ app_begin ] --START--
INFO: Run ReadHtmlCache Behavior [ RunTime:0.001000s ]
INFO: [ app_begin ] --END-- [ RunTime:0.001000s ]
SQL: SHOW COLUMNS FROM `pa_ourmaker` [ RunTime:0.005000s ]
SQL: SELECT * FROM `pa_ourmaker`  [ RunTime:0.001000s ]
INFO: [ view_template ] --START--
INFO: Run LocationTemplate Behavior [ RunTime:0.001000s ]
INFO: [ view_template ] --END-- [ RunTime:0.001000s ]
INFO: [ view_parse ] --START--
INFO: Run ParseTemplate Behavior [ RunTime:0.010001s ]
INFO: [ view_parse ] --END-- [ RunTime:0.010001s ]
INFO: [ view_filter ] --START--
INFO: Run ContentReplace Behavior [ RunTime:0.001000s ]
INFO: Run TokenBuild Behavior [ RunTime:0.001000s ]
INFO: Run WriteHtmlCache Behavior [ RunTime:0.001000s ]
INFO: Run ShowRuntime Behavior [ RunTime:0.001000s ]
INFO: [ view_filter ] --END-- [ RunTime:0.004000s ]
INFO: [ view_end ] --START--
INFO: Run ShowPageTrace Behavior [ RunTime:0.001000s ]
INFO: [ view_end ] --END-- [ RunTime:0.001000s ]

[ 2017-06-22T12:48:34+08:00 ] 0.0.0.0 /gkmaker/index.php/Ourmaker/index
INFO: [ route_check ] --START--
INFO: Run CheckRoute Behavior [ RunTime:0.001000s ]
INFO: [ route_check ] --END-- [ RunTime:0.001000s ]
INFO: [ app_begin ] --START--
INFO: Run ReadHtmlCache Behavior [ RunTime:0.000000s ]
INFO: [ app_begin ] --END-- [ RunTime:0.001000s ]
SQL: SHOW COLUMNS FROM `pa_ourmaker` [ RunTime:0.005000s ]
SQL: SELECT * FROM `pa_ourmaker`  [ RunTime:0.002000s ]
INFO: [ view_template ] --START--
INFO: Run LocationTemplate Behavior [ RunTime:0.001000s ]
INFO: [ view_template ] --END-- [ RunTime:0.001000s ]
INFO: [ view_parse ] --START--
INFO: Run ParseTemplate Behavior [ RunTime:0.014001s ]
INFO: [ view_parse ] --END-- [ RunTime:0.015001s ]
INFO: [ view_filter ] --START--
INFO: Run ContentReplace Behavior [ RunTime:0.001000s ]
INFO: Run TokenBuild Behavior [ RunTime:0.000000s ]
INFO: Run WriteHtmlCache Behavior [ RunTime:0.001000s ]
INFO: Run ShowRuntime Behavior [ RunTime:0.001000s ]
INFO: [ view_filter ] --END-- [ RunTime:0.003000s ]
INFO: [ view_end ] --START--
INFO: Run ShowPageTrace Behavior [ RunTime:0.001000s ]
INFO: [ view_end ] --END-- [ RunTime:0.001000s ]

