[ 2017-07-12T09:18:10+08:00 ] 0.0.0.0 /gkmaker/index.php
INFO: [ app_begin ] --START--
INFO: Run ReadHtmlCache Behavior [ RunTime:0.004000s ]
INFO: [ app_begin ] --END-- [ RunTime:0.024001s ]
SQL: SHOW COLUMNS FROM `pa_clickcount` [ RunTime:0.084005s ]
SQL: SELECT * FROM `pa_clickcount` WHERE ( id=1 )  [ RunTime:0.014000s ]
SQL: UPDATE `pa_clickcount` SET `count`=7336 WHERE ( `id` = 1 ) [ RunTime:0.051003s ]
SQL: SHOW COLUMNS FROM `pa_relannounce` [ RunTime:0.055004s ]
SQL: SELECT `id`,`status` FROM `pa_relannounce` ORDER BY `id` DESC LIMIT 6   [ RunTime:0.003000s ]
SQL: SELECT `id`,`title`,`status`,`updata_time` FROM `pa_relannounce` WHERE ( `id` = 19 ) LIMIT 1   [ RunTime:0.003000s ]
SQL: SELECT `id`,`title`,`status`,`updata_time` FROM `pa_relannounce` WHERE ( `id` = 18 ) LIMIT 1   [ RunTime:0.003000s ]
SQL: SELECT `id`,`title`,`status`,`updata_time` FROM `pa_relannounce` WHERE ( `id` = 17 ) LIMIT 1   [ RunTime:0.003000s ]
SQL: SELECT `id`,`title`,`status`,`updata_time` FROM `pa_relannounce` WHERE ( `id` = 16 ) LIMIT 1   [ RunTime:0.002001s ]
SQL: SELECT `id`,`title`,`status`,`updata_time` FROM `pa_relannounce` WHERE ( `id` = 15 ) LIMIT 1   [ RunTime:0.003000s ]
SQL: SELECT `id`,`title`,`status`,`updata_time` FROM `pa_relannounce` WHERE ( `id` = 14 ) LIMIT 1   [ RunTime:0.002000s ]
SQL: SHOW COLUMNS FROM `pa_member` [ RunTime:0.038002s ]
SQL: SELECT * FROM `pa_member` WHERE ( isvip=1 ) LIMIT 9   [ RunTime:0.011001s ]
NOTIC: [8] Undefined index: nickname D:\xampp\htdocs\gkmaker\Home\Lib\Action\IndexAction.class.php 第 25 行.
NOTIC: [8] Undefined index: uid D:\xampp\htdocs\gkmaker\Home\Lib\Action\IndexAction.class.php 第 26 行.
SQL: SHOW COLUMNS FROM `pa_chuangyi` [ RunTime:0.034002s ]
SQL: SELECT * FROM `pa_chuangyi` WHERE ( status=1 ) LIMIT 9   [ RunTime:0.002000s ]
SQL: SHOW COLUMNS FROM `pa_game` [ RunTime:0.022001s ]
SQL: SELECT * FROM `pa_game` WHERE ( cid=1 ) ORDER BY id desc  [ RunTime:0.003000s ]
SQL: SHOW COLUMNS FROM `pa_news` [ RunTime:0.027002s ]
SQL: SELECT * FROM `pa_news` WHERE ( status=1 ) ORDER BY id desc LIMIT 6   [ RunTime:0.011001s ]
SQL: SELECT * FROM `pa_news` WHERE ( status=1  AND is_screen=1 ) ORDER BY id desc LIMIT 7   [ RunTime:0.002000s ]
SQL: SHOW COLUMNS FROM `pa_teacher` [ RunTime:0.015001s ]
SQL: SELECT * FROM `pa_teacher` WHERE ( status=1 ) LIMIT 8   [ RunTime:0.003000s ]
INFO: [ view_template ] --START--
INFO: Run LocationTemplate Behavior [ RunTime:0.008000s ]
INFO: [ view_template ] --END-- [ RunTime:0.009000s ]
INFO: [ view_parse ] --START--
INFO: Run ParseTemplate Behavior [ RunTime:0.185011s ]
INFO: [ view_parse ] --END-- [ RunTime:0.185011s ]
INFO: [ view_filter ] --START--
INFO: Run ContentReplace Behavior [ RunTime:0.026001s ]
INFO: Run TokenBuild Behavior [ RunTime:0.043003s ]
INFO: Run WriteHtmlCache Behavior [ RunTime:0.010000s ]
INFO: Run ShowRuntime Behavior [ RunTime:0.003001s ]
INFO: [ view_filter ] --END-- [ RunTime:0.083005s ]
INFO: [ view_end ] --START--
INFO: Run ShowPageTrace Behavior [ RunTime:0.003000s ]
INFO: [ view_end ] --END-- [ RunTime:0.003000s ]

[ 2017-07-12T09:18:12+08:00 ] 0.0.0.0 /gkmaker/index.php
INFO: [ app_begin ] --START--
INFO: Run ReadHtmlCache Behavior [ RunTime:0.001000s ]
INFO: [ app_begin ] --END-- [ RunTime:0.001000s ]
SQL: SHOW COLUMNS FROM `pa_clickcount` [ RunTime:0.005000s ]
SQL: SELECT * FROM `pa_clickcount` WHERE ( id=1 )  [ RunTime:0.001000s ]
SQL: UPDATE `pa_clickcount` SET `count`=7337 WHERE ( `id` = 1 ) [ RunTime:0.344020s ]
SQL: SHOW COLUMNS FROM `pa_relannounce` [ RunTime:0.011000s ]
SQL: SELECT `id`,`status` FROM `pa_relannounce` ORDER BY `id` DESC LIMIT 6   [ RunTime:0.003001s ]
SQL: SELECT `id`,`title`,`status`,`updata_time` FROM `pa_relannounce` WHERE ( `id` = 19 ) LIMIT 1   [ RunTime:0.003000s ]
SQL: SELECT `id`,`title`,`status`,`updata_time` FROM `pa_relannounce` WHERE ( `id` = 18 ) LIMIT 1   [ RunTime:0.002000s ]
SQL: SELECT `id`,`title`,`status`,`updata_time` FROM `pa_relannounce` WHERE ( `id` = 17 ) LIMIT 1   [ RunTime:0.002000s ]
SQL: SELECT `id`,`title`,`status`,`updata_time` FROM `pa_relannounce` WHERE ( `id` = 16 ) LIMIT 1   [ RunTime:0.003000s ]
SQL: SELECT `id`,`title`,`status`,`updata_time` FROM `pa_relannounce` WHERE ( `id` = 15 ) LIMIT 1   [ RunTime:0.003000s ]
SQL: SELECT `id`,`title`,`status`,`updata_time` FROM `pa_relannounce` WHERE ( `id` = 14 ) LIMIT 1   [ RunTime:0.001000s ]
SQL: SHOW COLUMNS FROM `pa_member` [ RunTime:0.006000s ]
SQL: SELECT * FROM `pa_member` WHERE ( isvip=1 ) LIMIT 9   [ RunTime:0.002000s ]
NOTIC: [8] Undefined index: nickname D:\xampp\htdocs\gkmaker\Home\Lib\Action\IndexAction.class.php 第 25 行.
NOTIC: [8] Undefined index: uid D:\xampp\htdocs\gkmaker\Home\Lib\Action\IndexAction.class.php 第 26 行.
SQL: SHOW COLUMNS FROM `pa_chuangyi` [ RunTime:0.005000s ]
SQL: SELECT * FROM `pa_chuangyi` WHERE ( status=1 ) LIMIT 9   [ RunTime:0.001000s ]
SQL: SHOW COLUMNS FROM `pa_game` [ RunTime:0.005001s ]
SQL: SELECT * FROM `pa_game` WHERE ( cid=1 ) ORDER BY id desc  [ RunTime:0.002000s ]
SQL: SHOW COLUMNS FROM `pa_news` [ RunTime:0.005000s ]
SQL: SELECT * FROM `pa_news` WHERE ( status=1 ) ORDER BY id desc LIMIT 6   [ RunTime:0.001000s ]
SQL: SELECT * FROM `pa_news` WHERE ( status=1  AND is_screen=1 ) ORDER BY id desc LIMIT 7   [ RunTime:0.001000s ]
SQL: SHOW COLUMNS FROM `pa_teacher` [ RunTime:0.004001s ]
SQL: SELECT * FROM `pa_teacher` WHERE ( status=1 ) LIMIT 8   [ RunTime:0.003000s ]
INFO: [ view_template ] --START--
INFO: Run LocationTemplate Behavior [ RunTime:0.000000s ]
INFO: [ view_template ] --END-- [ RunTime:0.001000s ]
INFO: [ view_parse ] --START--
INFO: Run ParseTemplate Behavior [ RunTime:0.021001s ]
INFO: [ view_parse ] --END-- [ RunTime:0.021001s ]
INFO: [ view_filter ] --START--
INFO: Run ContentReplace Behavior [ RunTime:0.001000s ]
INFO: Run TokenBuild Behavior [ RunTime:0.001000s ]
INFO: Run WriteHtmlCache Behavior [ RunTime:0.000000s ]
INFO: Run ShowRuntime Behavior [ RunTime:0.001000s ]
INFO: [ view_filter ] --END-- [ RunTime:0.003000s ]
INFO: [ view_end ] --START--
INFO: Run ShowPageTrace Behavior [ RunTime:0.001000s ]
INFO: [ view_end ] --END-- [ RunTime:0.001000s ]

[ 2017-07-12T09:28:18+08:00 ] 0.0.0.0 /gkmaker/index.php/Guestbook/index
INFO: [ route_check ] --START--
INFO: Run CheckRoute Behavior [ RunTime:0.028002s ]
INFO: [ route_check ] --END-- [ RunTime:0.028002s ]
INFO: [ app_begin ] --START--
INFO: Run ReadHtmlCache Behavior [ RunTime:0.001000s ]
INFO: [ app_begin ] --END-- [ RunTime:0.001000s ]
SQL: SHOW COLUMNS FROM `pa_guestbook` [ RunTime:0.050003s ]
SQL: SELECT COUNT(*) AS tp_count FROM `pa_guestbook` LIMIT 1   [ RunTime:0.012001s ]
SQL: SELECT * FROM `pa_guestbook` ORDER BY `time` DESC LIMIT 0 , 10   [ RunTime:0.001000s ]
NOTIC: [8] Undefined index: nickname D:\xampp\htdocs\gkmaker\Home\Lib\Action\GuestbookAction.class.php 第 21 行.
NOTIC: [8] Undefined index: uid D:\xampp\htdocs\gkmaker\Home\Lib\Action\GuestbookAction.class.php 第 22 行.
INFO: [ view_template ] --START--
INFO: Run LocationTemplate Behavior [ RunTime:0.001000s ]
INFO: [ view_template ] --END-- [ RunTime:0.001000s ]
INFO: [ view_parse ] --START--
INFO: Run ParseTemplate Behavior [ RunTime:0.070004s ]
INFO: [ view_parse ] --END-- [ RunTime:0.070004s ]
INFO: [ view_filter ] --START--
INFO: Run ContentReplace Behavior [ RunTime:0.001000s ]
INFO: Run TokenBuild Behavior [ RunTime:0.001000s ]
INFO: Run WriteHtmlCache Behavior [ RunTime:0.000000s ]
INFO: Run ShowRuntime Behavior [ RunTime:0.001000s ]
INFO: [ view_filter ] --END-- [ RunTime:0.003000s ]
INFO: [ view_end ] --START--
INFO: Run ShowPageTrace Behavior [ RunTime:0.000000s ]
INFO: [ view_end ] --END-- [ RunTime:0.000000s ]

[ 2017-07-12T09:28:18+08:00 ] 0.0.0.0 /gkmaker/index.php/Base/verify_code
INFO: [ route_check ] --START--
INFO: Run CheckRoute Behavior [ RunTime:0.001000s ]
INFO: [ route_check ] --END-- [ RunTime:0.001000s ]
INFO: [ app_begin ] --START--
INFO: Run ReadHtmlCache Behavior [ RunTime:0.000000s ]
INFO: [ app_begin ] --END-- [ RunTime:0.000000s ]

[ 2017-07-12T09:28:18+08:00 ] 0.0.0.0 /gkmaker/index.php/Guestbook/index
INFO: [ route_check ] --START--
INFO: Run CheckRoute Behavior [ RunTime:0.000000s ]
INFO: [ route_check ] --END-- [ RunTime:0.000000s ]
INFO: [ app_begin ] --START--
INFO: Run ReadHtmlCache Behavior [ RunTime:0.000000s ]
INFO: [ app_begin ] --END-- [ RunTime:0.000000s ]
SQL: SHOW COLUMNS FROM `pa_guestbook` [ RunTime:0.004000s ]
SQL: SELECT COUNT(*) AS tp_count FROM `pa_guestbook` LIMIT 1   [ RunTime:0.001000s ]
SQL: SELECT * FROM `pa_guestbook` ORDER BY `time` DESC LIMIT 0 , 10   [ RunTime:0.001000s ]
NOTIC: [8] Undefined index: nickname D:\xampp\htdocs\gkmaker\Home\Lib\Action\GuestbookAction.class.php 第 21 行.
NOTIC: [8] Undefined index: uid D:\xampp\htdocs\gkmaker\Home\Lib\Action\GuestbookAction.class.php 第 22 行.
INFO: [ view_template ] --START--
INFO: Run LocationTemplate Behavior [ RunTime:0.001000s ]
INFO: [ view_template ] --END-- [ RunTime:0.001000s ]
INFO: [ view_parse ] --START--
INFO: Run ParseTemplate Behavior [ RunTime:0.016001s ]
INFO: [ view_parse ] --END-- [ RunTime:0.016001s ]
INFO: [ view_filter ] --START--
INFO: Run ContentReplace Behavior [ RunTime:0.001000s ]
INFO: Run TokenBuild Behavior [ RunTime:0.000000s ]
INFO: Run WriteHtmlCache Behavior [ RunTime:0.000000s ]
INFO: Run ShowRuntime Behavior [ RunTime:0.001000s ]
INFO: [ view_filter ] --END-- [ RunTime:0.002000s ]
INFO: [ view_end ] --START--
INFO: Run ShowPageTrace Behavior [ RunTime:0.000000s ]
INFO: [ view_end ] --END-- [ RunTime:0.000000s ]

[ 2017-07-12T09:28:43+08:00 ] 0.0.0.0 /gkmaker/index.php
INFO: [ app_begin ] --START--
INFO: Run ReadHtmlCache Behavior [ RunTime:0.001000s ]
INFO: [ app_begin ] --END-- [ RunTime:0.001000s ]
SQL: SHOW COLUMNS FROM `pa_clickcount` [ RunTime:0.004000s ]
SQL: SELECT * FROM `pa_clickcount` WHERE ( id=1 )  [ RunTime:0.001000s ]
SQL: UPDATE `pa_clickcount` SET `count`=7338 WHERE ( `id` = 1 ) [ RunTime:0.090005s ]
SQL: SHOW COLUMNS FROM `pa_relannounce` [ RunTime:0.003000s ]
SQL: SELECT `id`,`status` FROM `pa_relannounce` ORDER BY `id` DESC LIMIT 6   [ RunTime:0.001001s ]
SQL: SELECT `id`,`title`,`status`,`updata_time` FROM `pa_relannounce` WHERE ( `id` = 19 ) LIMIT 1   [ RunTime:0.001000s ]
SQL: SELECT `id`,`title`,`status`,`updata_time` FROM `pa_relannounce` WHERE ( `id` = 18 ) LIMIT 1   [ RunTime:0.000000s ]
SQL: SELECT `id`,`title`,`status`,`updata_time` FROM `pa_relannounce` WHERE ( `id` = 17 ) LIMIT 1   [ RunTime:0.001000s ]
SQL: SELECT `id`,`title`,`status`,`updata_time` FROM `pa_relannounce` WHERE ( `id` = 16 ) LIMIT 1   [ RunTime:0.001000s ]
SQL: SELECT `id`,`title`,`status`,`updata_time` FROM `pa_relannounce` WHERE ( `id` = 15 ) LIMIT 1   [ RunTime:0.001000s ]
SQL: SELECT `id`,`title`,`status`,`updata_time` FROM `pa_relannounce` WHERE ( `id` = 14 ) LIMIT 1   [ RunTime:0.001000s ]
SQL: SHOW COLUMNS FROM `pa_member` [ RunTime:0.004000s ]
SQL: SELECT * FROM `pa_member` WHERE ( isvip=1 ) LIMIT 9   [ RunTime:0.001000s ]
NOTIC: [8] Undefined index: nickname D:\xampp\htdocs\gkmaker\Home\Lib\Action\IndexAction.class.php 第 25 行.
NOTIC: [8] Undefined index: uid D:\xampp\htdocs\gkmaker\Home\Lib\Action\IndexAction.class.php 第 26 行.
SQL: SHOW COLUMNS FROM `pa_chuangyi` [ RunTime:0.003000s ]
SQL: SELECT * FROM `pa_chuangyi` WHERE ( status=1 ) LIMIT 9   [ RunTime:0.001000s ]
SQL: SHOW COLUMNS FROM `pa_game` [ RunTime:0.004000s ]
SQL: SELECT * FROM `pa_game` WHERE ( cid=1 ) ORDER BY id desc  [ RunTime:0.002000s ]
SQL: SHOW COLUMNS FROM `pa_news` [ RunTime:0.005000s ]
SQL: SELECT * FROM `pa_news` WHERE ( status=1 ) ORDER BY id desc LIMIT 6   [ RunTime:0.001000s ]
SQL: SELECT * FROM `pa_news` WHERE ( status=1  AND is_screen=1 ) ORDER BY id desc LIMIT 7   [ RunTime:0.001000s ]
SQL: SHOW COLUMNS FROM `pa_teacher` [ RunTime:0.004001s ]
SQL: SELECT * FROM `pa_teacher` WHERE ( status=1 ) LIMIT 8   [ RunTime:0.002000s ]
INFO: [ view_template ] --START--
INFO: Run LocationTemplate Behavior [ RunTime:0.002000s ]
INFO: [ view_template ] --END-- [ RunTime:0.002000s ]
INFO: [ view_parse ] --START--
INFO: Run ParseTemplate Behavior [ RunTime:0.024001s ]
INFO: [ view_parse ] --END-- [ RunTime:0.024001s ]
INFO: [ view_filter ] --START--
INFO: Run ContentReplace Behavior [ RunTime:0.001000s ]
INFO: Run TokenBuild Behavior [ RunTime:0.001000s ]
INFO: Run WriteHtmlCache Behavior [ RunTime:0.001000s ]
INFO: Run ShowRuntime Behavior [ RunTime:0.001001s ]
INFO: [ view_filter ] --END-- [ RunTime:0.004001s ]
INFO: [ view_end ] --START--
INFO: Run ShowPageTrace Behavior [ RunTime:0.001000s ]
INFO: [ view_end ] --END-- [ RunTime:0.001000s ]

[ 2017-07-12T09:28:44+08:00 ] 0.0.0.0 /gkmaker/index.php
INFO: [ app_begin ] --START--
INFO: Run ReadHtmlCache Behavior [ RunTime:0.000000s ]
INFO: [ app_begin ] --END-- [ RunTime:0.001000s ]
SQL: SHOW COLUMNS FROM `pa_clickcount` [ RunTime:0.005000s ]
SQL: SELECT * FROM `pa_clickcount` WHERE ( id=1 )  [ RunTime:0.001000s ]
SQL: UPDATE `pa_clickcount` SET `count`=7339 WHERE ( `id` = 1 ) [ RunTime:0.090006s ]
SQL: SHOW COLUMNS FROM `pa_relannounce` [ RunTime:0.006000s ]
SQL: SELECT `id`,`status` FROM `pa_relannounce` ORDER BY `id` DESC LIMIT 6   [ RunTime:0.002000s ]
SQL: SELECT `id`,`title`,`status`,`updata_time` FROM `pa_relannounce` WHERE ( `id` = 19 ) LIMIT 1   [ RunTime:0.001000s ]
SQL: SELECT `id`,`title`,`status`,`updata_time` FROM `pa_relannounce` WHERE ( `id` = 18 ) LIMIT 1   [ RunTime:0.001000s ]
SQL: SELECT `id`,`title`,`status`,`updata_time` FROM `pa_relannounce` WHERE ( `id` = 17 ) LIMIT 1   [ RunTime:0.001000s ]
SQL: SELECT `id`,`title`,`status`,`updata_time` FROM `pa_relannounce` WHERE ( `id` = 16 ) LIMIT 1   [ RunTime:0.001000s ]
SQL: SELECT `id`,`title`,`status`,`updata_time` FROM `pa_relannounce` WHERE ( `id` = 15 ) LIMIT 1   [ RunTime:0.001000s ]
SQL: SELECT `id`,`title`,`status`,`updata_time` FROM `pa_relannounce` WHERE ( `id` = 14 ) LIMIT 1   [ RunTime:0.001000s ]
SQL: SHOW COLUMNS FROM `pa_member` [ RunTime:0.006000s ]
SQL: SELECT * FROM `pa_member` WHERE ( isvip=1 ) LIMIT 9   [ RunTime:0.002000s ]
NOTIC: [8] Undefined index: nickname D:\xampp\htdocs\gkmaker\Home\Lib\Action\IndexAction.class.php 第 25 行.
NOTIC: [8] Undefined index: uid D:\xampp\htdocs\gkmaker\Home\Lib\Action\IndexAction.class.php 第 26 行.
SQL: SHOW COLUMNS FROM `pa_chuangyi` [ RunTime:0.005000s ]
SQL: SELECT * FROM `pa_chuangyi` WHERE ( status=1 ) LIMIT 9   [ RunTime:0.001001s ]
SQL: SHOW COLUMNS FROM `pa_game` [ RunTime:0.005000s ]
SQL: SELECT * FROM `pa_game` WHERE ( cid=1 ) ORDER BY id desc  [ RunTime:0.002000s ]
SQL: SHOW COLUMNS FROM `pa_news` [ RunTime:0.006000s ]
SQL: SELECT * FROM `pa_news` WHERE ( status=1 ) ORDER BY id desc LIMIT 6   [ RunTime:0.002001s ]
SQL: SELECT * FROM `pa_news` WHERE ( status=1  AND is_screen=1 ) ORDER BY id desc LIMIT 7   [ RunTime:0.002000s ]
SQL: SHOW COLUMNS FROM `pa_teacher` [ RunTime:0.006000s ]
SQL: SELECT * FROM `pa_teacher` WHERE ( status=1 ) LIMIT 8   [ RunTime:0.002000s ]
INFO: [ view_template ] --START--
INFO: Run LocationTemplate Behavior [ RunTime:0.001000s ]
INFO: [ view_template ] --END-- [ RunTime:0.001000s ]
INFO: [ view_parse ] --START--
INFO: Run ParseTemplate Behavior [ RunTime:0.032002s ]
INFO: [ view_parse ] --END-- [ RunTime:0.032002s ]
INFO: [ view_filter ] --START--
INFO: Run ContentReplace Behavior [ RunTime:0.002000s ]
INFO: Run TokenBuild Behavior [ RunTime:0.000000s ]
INFO: Run WriteHtmlCache Behavior [ RunTime:0.001000s ]
INFO: Run ShowRuntime Behavior [ RunTime:0.001000s ]
INFO: [ view_filter ] --END-- [ RunTime:0.004000s ]
INFO: [ view_end ] --START--
INFO: Run ShowPageTrace Behavior [ RunTime:0.001000s ]
INFO: [ view_end ] --END-- [ RunTime:0.001000s ]

[ 2017-07-12T09:28:52+08:00 ] 0.0.0.0 /gkmaker/index.php/Member/reg
INFO: [ route_check ] --START--
INFO: Run CheckRoute Behavior [ RunTime:0.001000s ]
INFO: [ route_check ] --END-- [ RunTime:0.001000s ]
INFO: [ app_begin ] --START--
INFO: Run ReadHtmlCache Behavior [ RunTime:0.001000s ]
INFO: [ app_begin ] --END-- [ RunTime:0.001000s ]
INFO: [ view_template ] --START--
INFO: Run LocationTemplate Behavior [ RunTime:0.001000s ]
INFO: [ view_template ] --END-- [ RunTime:0.001000s ]
INFO: [ view_parse ] --START--
NOTIC: [8] Undefined variable: uid D:\xampp\htdocs\gkmaker\Cache\Runtime\Home\Cache\8a6c94657956c476a50a4177b988c26c.php 第 53 行.
INFO: Run ParseTemplate Behavior [ RunTime:0.017000s ]
INFO: [ view_parse ] --END-- [ RunTime:0.017000s ]
INFO: [ view_filter ] --START--
INFO: Run ContentReplace Behavior [ RunTime:0.000000s ]
INFO: Run TokenBuild Behavior [ RunTime:0.001000s ]
INFO: Run WriteHtmlCache Behavior [ RunTime:0.000000s ]
INFO: Run ShowRuntime Behavior [ RunTime:0.001000s ]
INFO: [ view_filter ] --END-- [ RunTime:0.002000s ]
INFO: [ view_end ] --START--
INFO: Run ShowPageTrace Behavior [ RunTime:0.001000s ]
INFO: [ view_end ] --END-- [ RunTime:0.001000s ]

[ 2017-07-12T09:28:53+08:00 ] 0.0.0.0 /gkmaker/index.php/Base/verify_code
INFO: [ route_check ] --START--
INFO: Run CheckRoute Behavior [ RunTime:0.001000s ]
INFO: [ route_check ] --END-- [ RunTime:0.001000s ]
INFO: [ app_begin ] --START--
INFO: Run ReadHtmlCache Behavior [ RunTime:0.000000s ]
INFO: [ app_begin ] --END-- [ RunTime:0.000000s ]

[ 2017-07-12T09:28:53+08:00 ] 0.0.0.0 /gkmaker/index.php/Member/reg
INFO: [ route_check ] --START--
INFO: Run CheckRoute Behavior [ RunTime:0.001000s ]
INFO: [ route_check ] --END-- [ RunTime:0.001000s ]
INFO: [ app_begin ] --START--
INFO: Run ReadHtmlCache Behavior [ RunTime:0.001000s ]
INFO: [ app_begin ] --END-- [ RunTime:0.001000s ]
INFO: [ view_template ] --START--
INFO: Run LocationTemplate Behavior [ RunTime:0.001000s ]
INFO: [ view_template ] --END-- [ RunTime:0.001000s ]
INFO: [ view_parse ] --START--
NOTIC: [8] Undefined variable: uid D:\xampp\htdocs\gkmaker\Cache\Runtime\Home\Cache\8a6c94657956c476a50a4177b988c26c.php 第 53 行.
INFO: Run ParseTemplate Behavior [ RunTime:0.012001s ]
INFO: [ view_parse ] --END-- [ RunTime:0.012001s ]
INFO: [ view_filter ] --START--
INFO: Run ContentReplace Behavior [ RunTime:0.001000s ]
INFO: Run TokenBuild Behavior [ RunTime:0.001000s ]
INFO: Run WriteHtmlCache Behavior [ RunTime:0.000000s ]
INFO: Run ShowRuntime Behavior [ RunTime:0.001000s ]
INFO: [ view_filter ] --END-- [ RunTime:0.003000s ]
INFO: [ view_end ] --START--
INFO: Run ShowPageTrace Behavior [ RunTime:0.000000s ]
INFO: [ view_end ] --END-- [ RunTime:0.001000s ]

[ 2017-07-12T09:29:10+08:00 ] 0.0.0.0 /gkmaker/index.php/Game/game
INFO: [ route_check ] --START--
INFO: Run CheckRoute Behavior [ RunTime:0.001000s ]
INFO: [ route_check ] --END-- [ RunTime:0.001000s ]
INFO: [ app_begin ] --START--
INFO: Run ReadHtmlCache Behavior [ RunTime:0.001000s ]
INFO: [ app_begin ] --END-- [ RunTime:0.001000s ]
SQL: SHOW COLUMNS FROM `pa_game` [ RunTime:0.004000s ]
SQL: SELECT * FROM `pa_game` WHERE ( cid = 1  )  [ RunTime:0.002001s ]
NOTIC: [8] Undefined index: nickname D:\xampp\htdocs\gkmaker\Home\Lib\Action\GameAction.class.php 第 43 行.
NOTIC: [8] Undefined index: uid D:\xampp\htdocs\gkmaker\Home\Lib\Action\GameAction.class.php 第 44 行.
INFO: [ view_template ] --START--
INFO: Run LocationTemplate Behavior [ RunTime:0.001000s ]
INFO: [ view_template ] --END-- [ RunTime:0.001000s ]
INFO: [ view_parse ] --START--
INFO: Run ParseTemplate Behavior [ RunTime:0.153008s ]
INFO: [ view_parse ] --END-- [ RunTime:0.153008s ]
INFO: [ view_filter ] --START--
INFO: Run ContentReplace Behavior [ RunTime:0.001000s ]
INFO: Run TokenBuild Behavior [ RunTime:0.002001s ]
INFO: Run WriteHtmlCache Behavior [ RunTime:0.001000s ]
INFO: Run ShowRuntime Behavior [ RunTime:0.001000s ]
INFO: [ view_filter ] --END-- [ RunTime:0.005001s ]
INFO: [ view_end ] --START--
INFO: Run ShowPageTrace Behavior [ RunTime:0.002000s ]
INFO: [ view_end ] --END-- [ RunTime:0.002000s ]

[ 2017-07-12T09:29:11+08:00 ] 0.0.0.0 /gkmaker/index.php/Game/game
INFO: [ route_check ] --START--
INFO: Run CheckRoute Behavior [ RunTime:0.001000s ]
INFO: [ route_check ] --END-- [ RunTime:0.001000s ]
INFO: [ app_begin ] --START--
INFO: Run ReadHtmlCache Behavior [ RunTime:0.001000s ]
INFO: [ app_begin ] --END-- [ RunTime:0.001000s ]
SQL: SHOW COLUMNS FROM `pa_game` [ RunTime:0.004000s ]
SQL: SELECT * FROM `pa_game` WHERE ( cid = 1  )  [ RunTime:0.001000s ]
NOTIC: [8] Undefined index: nickname D:\xampp\htdocs\gkmaker\Home\Lib\Action\GameAction.class.php 第 43 行.
NOTIC: [8] Undefined index: uid D:\xampp\htdocs\gkmaker\Home\Lib\Action\GameAction.class.php 第 44 行.
INFO: [ view_template ] --START--
INFO: Run LocationTemplate Behavior [ RunTime:0.001000s ]
INFO: [ view_template ] --END-- [ RunTime:0.001000s ]
INFO: [ view_parse ] --START--
INFO: Run ParseTemplate Behavior [ RunTime:0.009001s ]
INFO: [ view_parse ] --END-- [ RunTime:0.009001s ]
INFO: [ view_filter ] --START--
INFO: Run ContentReplace Behavior [ RunTime:0.001000s ]
INFO: Run TokenBuild Behavior [ RunTime:0.000000s ]
INFO: Run WriteHtmlCache Behavior [ RunTime:0.000000s ]
INFO: Run ShowRuntime Behavior [ RunTime:0.001000s ]
INFO: [ view_filter ] --END-- [ RunTime:0.002000s ]
INFO: [ view_end ] --START--
INFO: Run ShowPageTrace Behavior [ RunTime:0.000000s ]
INFO: [ view_end ] --END-- [ RunTime:0.000000s ]

[ 2017-07-12T09:29:11+08:00 ] 0.0.0.0 /gkmaker/index.php/Game/game
INFO: [ route_check ] --START--
INFO: Run CheckRoute Behavior [ RunTime:0.001000s ]
INFO: [ route_check ] --END-- [ RunTime:0.002000s ]
INFO: [ app_begin ] --START--
INFO: Run ReadHtmlCache Behavior [ RunTime:0.001000s ]
INFO: [ app_begin ] --END-- [ RunTime:0.001000s ]
SQL: SHOW COLUMNS FROM `pa_game` [ RunTime:0.004000s ]
SQL: SELECT * FROM `pa_game` WHERE ( cid = 1  )  [ RunTime:0.004000s ]
NOTIC: [8] Undefined index: nickname D:\xampp\htdocs\gkmaker\Home\Lib\Action\GameAction.class.php 第 43 行.
NOTIC: [8] Undefined index: uid D:\xampp\htdocs\gkmaker\Home\Lib\Action\GameAction.class.php 第 44 行.
INFO: [ view_template ] --START--
INFO: Run LocationTemplate Behavior [ RunTime:0.001000s ]
INFO: [ view_template ] --END-- [ RunTime:0.001000s ]
INFO: [ view_parse ] --START--
INFO: Run ParseTemplate Behavior [ RunTime:0.010001s ]
INFO: [ view_parse ] --END-- [ RunTime:0.010001s ]
INFO: [ view_filter ] --START--
INFO: Run ContentReplace Behavior [ RunTime:0.001000s ]
INFO: Run TokenBuild Behavior [ RunTime:0.000000s ]
INFO: Run WriteHtmlCache Behavior [ RunTime:0.000000s ]
INFO: Run ShowRuntime Behavior [ RunTime:0.001000s ]
INFO: [ view_filter ] --END-- [ RunTime:0.002000s ]
INFO: [ view_end ] --START--
INFO: Run ShowPageTrace Behavior [ RunTime:0.002000s ]
INFO: [ view_end ] --END-- [ RunTime:0.002000s ]

[ 2017-07-12T09:29:11+08:00 ] 0.0.0.0 /gkmaker/index.php/Game/game
INFO: [ route_check ] --START--
INFO: Run CheckRoute Behavior [ RunTime:0.001000s ]
INFO: [ route_check ] --END-- [ RunTime:0.001000s ]
INFO: [ app_begin ] --START--
INFO: Run ReadHtmlCache Behavior [ RunTime:0.001000s ]
INFO: [ app_begin ] --END-- [ RunTime:0.001000s ]
SQL: SHOW COLUMNS FROM `pa_game` [ RunTime:0.003000s ]
SQL: SELECT * FROM `pa_game` WHERE ( cid = 1  )  [ RunTime:0.001000s ]
NOTIC: [8] Undefined index: nickname D:\xampp\htdocs\gkmaker\Home\Lib\Action\GameAction.class.php 第 43 行.
NOTIC: [8] Undefined index: uid D:\xampp\htdocs\gkmaker\Home\Lib\Action\GameAction.class.php 第 44 行.
INFO: [ view_template ] --START--
INFO: Run LocationTemplate Behavior [ RunTime:0.001000s ]
INFO: [ view_template ] --END-- [ RunTime:0.001000s ]
INFO: [ view_parse ] --START--
INFO: Run ParseTemplate Behavior [ RunTime:0.010000s ]
INFO: [ view_parse ] --END-- [ RunTime:0.010000s ]
INFO: [ view_filter ] --START--
INFO: Run ContentReplace Behavior [ RunTime:0.001000s ]
INFO: Run TokenBuild Behavior [ RunTime:0.000000s ]
INFO: Run WriteHtmlCache Behavior [ RunTime:0.000000s ]
INFO: Run ShowRuntime Behavior [ RunTime:0.001001s ]
INFO: [ view_filter ] --END-- [ RunTime:0.002001s ]
INFO: [ view_end ] --START--
INFO: Run ShowPageTrace Behavior [ RunTime:0.001000s ]
INFO: [ view_end ] --END-- [ RunTime:0.001000s ]

[ 2017-07-12T09:29:12+08:00 ] 0.0.0.0 /gkmaker/index.php/Guestbook/index
INFO: [ route_check ] --START--
INFO: Run CheckRoute Behavior [ RunTime:0.001000s ]
INFO: [ route_check ] --END-- [ RunTime:0.001000s ]
INFO: [ app_begin ] --START--
INFO: Run ReadHtmlCache Behavior [ RunTime:0.000000s ]
INFO: [ app_begin ] --END-- [ RunTime:0.000000s ]
SQL: SHOW COLUMNS FROM `pa_guestbook` [ RunTime:0.007001s ]
SQL: SELECT COUNT(*) AS tp_count FROM `pa_guestbook` LIMIT 1   [ RunTime:0.001000s ]
SQL: SELECT * FROM `pa_guestbook` ORDER BY `time` DESC LIMIT 0 , 10   [ RunTime:0.002000s ]
NOTIC: [8] Undefined index: nickname D:\xampp\htdocs\gkmaker\Home\Lib\Action\GuestbookAction.class.php 第 21 行.
NOTIC: [8] Undefined index: uid D:\xampp\htdocs\gkmaker\Home\Lib\Action\GuestbookAction.class.php 第 22 行.
INFO: [ view_template ] --START--
INFO: Run LocationTemplate Behavior [ RunTime:0.001000s ]
INFO: [ view_template ] --END-- [ RunTime:0.001000s ]
INFO: [ view_parse ] --START--
INFO: Run ParseTemplate Behavior [ RunTime:0.012000s ]
INFO: [ view_parse ] --END-- [ RunTime:0.012000s ]
INFO: [ view_filter ] --START--
INFO: Run ContentReplace Behavior [ RunTime:0.001001s ]
INFO: Run TokenBuild Behavior [ RunTime:0.000000s ]
INFO: Run WriteHtmlCache Behavior [ RunTime:0.001000s ]
INFO: Run ShowRuntime Behavior [ RunTime:0.000000s ]
INFO: [ view_filter ] --END-- [ RunTime:0.002001s ]
INFO: [ view_end ] --START--
INFO: Run ShowPageTrace Behavior [ RunTime:0.001000s ]
INFO: [ view_end ] --END-- [ RunTime:0.001000s ]

[ 2017-07-12T09:29:12+08:00 ] 0.0.0.0 /gkmaker/index.php/Base/verify_code
INFO: [ route_check ] --START--
INFO: Run CheckRoute Behavior [ RunTime:0.001000s ]
INFO: [ route_check ] --END-- [ RunTime:0.002000s ]
INFO: [ app_begin ] --START--
INFO: Run ReadHtmlCache Behavior [ RunTime:0.001000s ]
INFO: [ app_begin ] --END-- [ RunTime:0.001000s ]

[ 2017-07-12T09:29:12+08:00 ] 0.0.0.0 /gkmaker/index.php/Guestbook/index
INFO: [ route_check ] --START--
INFO: Run CheckRoute Behavior [ RunTime:0.001000s ]
INFO: [ route_check ] --END-- [ RunTime:0.001000s ]
INFO: [ app_begin ] --START--
INFO: Run ReadHtmlCache Behavior [ RunTime:0.001000s ]
INFO: [ app_begin ] --END-- [ RunTime:0.001000s ]
SQL: SHOW COLUMNS FROM `pa_guestbook` [ RunTime:0.005000s ]
SQL: SELECT COUNT(*) AS tp_count FROM `pa_guestbook` LIMIT 1   [ RunTime:0.001000s ]
SQL: SELECT * FROM `pa_guestbook` ORDER BY `time` DESC LIMIT 0 , 10   [ RunTime:0.002000s ]
NOTIC: [8] Undefined index: nickname D:\xampp\htdocs\gkmaker\Home\Lib\Action\GuestbookAction.class.php 第 21 行.
NOTIC: [8] Undefined index: uid D:\xampp\htdocs\gkmaker\Home\Lib\Action\GuestbookAction.class.php 第 22 行.
INFO: [ view_template ] --START--
INFO: Run LocationTemplate Behavior [ RunTime:0.001001s ]
INFO: [ view_template ] --END-- [ RunTime:0.001001s ]
INFO: [ view_parse ] --START--
INFO: Run ParseTemplate Behavior [ RunTime:0.013000s ]
INFO: [ view_parse ] --END-- [ RunTime:0.013000s ]
INFO: [ view_filter ] --START--
INFO: Run ContentReplace Behavior [ RunTime:0.000000s ]
INFO: Run TokenBuild Behavior [ RunTime:0.001000s ]
INFO: Run WriteHtmlCache Behavior [ RunTime:0.000000s ]
INFO: Run ShowRuntime Behavior [ RunTime:0.001000s ]
INFO: [ view_filter ] --END-- [ RunTime:0.002000s ]
INFO: [ view_end ] --START--
INFO: Run ShowPageTrace Behavior [ RunTime:0.001000s ]
INFO: [ view_end ] --END-- [ RunTime:0.001000s ]

[ 2017-07-12T09:29:14+08:00 ] 0.0.0.0 /gkmaker/index.php/Science/index
INFO: [ route_check ] --START--
INFO: Run CheckRoute Behavior [ RunTime:0.001000s ]
INFO: [ route_check ] --END-- [ RunTime:0.001000s ]
INFO: [ app_begin ] --START--
INFO: Run ReadHtmlCache Behavior [ RunTime:0.001000s ]
INFO: [ app_begin ] --END-- [ RunTime:0.001000s ]
SQL: SHOW COLUMNS FROM `pa_science` [ RunTime:0.487028s ]
SQL: SELECT `id`,`status` FROM `pa_science`  [ RunTime:0.012001s ]
NOTIC: [8] Undefined variable: rel D:\xampp\htdocs\gkmaker\Home\Lib\Action\ScienceAction.class.php 第 12 行.
SQL: SHOW COLUMNS FROM `pa_download` [ RunTime:0.033001s ]
SQL: SELECT * FROM `pa_download` WHERE ( status=1 ) LIMIT 7   [ RunTime:0.002001s ]
SQL: SHOW COLUMNS FROM `pa_file` [ RunTime:0.033001s ]
SQL: SELECT * FROM `pa_file` WHERE ( status=1 ) LIMIT 7   [ RunTime:0.001001s ]
SQL: SHOW COLUMNS FROM `pa_introduction` [ RunTime:0.009000s ]
SQL: SELECT `id`,`status`,`type` FROM `pa_introduction`  [ RunTime:0.002000s ]
SQL: SELECT `id`,`content` FROM `pa_introduction` WHERE ( `id` = 1 ) LIMIT 1   [ RunTime:0.001000s ]
INFO: [ view_template ] --START--
INFO: Run LocationTemplate Behavior [ RunTime:0.001000s ]
INFO: [ view_template ] --END-- [ RunTime:0.001000s ]
INFO: [ view_parse ] --START--
INFO: Run ParseTemplate Behavior [ RunTime:0.052003s ]
INFO: [ view_parse ] --END-- [ RunTime:0.053003s ]
INFO: [ view_filter ] --START--
INFO: Run ContentReplace Behavior [ RunTime:0.000000s ]
INFO: Run TokenBuild Behavior [ RunTime:0.000000s ]
INFO: Run WriteHtmlCache Behavior [ RunTime:0.000000s ]
INFO: Run ShowRuntime Behavior [ RunTime:0.000000s ]
INFO: [ view_filter ] --END-- [ RunTime:0.001000s ]
INFO: [ view_end ] --START--
INFO: Run ShowPageTrace Behavior [ RunTime:0.000000s ]
INFO: [ view_end ] --END-- [ RunTime:0.000000s ]

[ 2017-07-12T09:29:17+08:00 ] 0.0.0.0 /gkmaker/index.php/Science/download?id=9
INFO: [ route_check ] --START--
INFO: Run CheckRoute Behavior [ RunTime:0.001000s ]
INFO: [ route_check ] --END-- [ RunTime:0.001000s ]
INFO: [ app_begin ] --START--
INFO: Run ReadHtmlCache Behavior [ RunTime:0.001000s ]
INFO: [ app_begin ] --END-- [ RunTime:0.001000s ]
NOTIC: [8] Undefined index: uid D:\xampp\htdocs\gkmaker\Home\Lib\Action\ScienceAction.class.php 第 32 行.
INFO: [ view_template ] --START--
INFO: Run LocationTemplate Behavior [ RunTime:0.000000s ]
INFO: [ view_template ] --END-- [ RunTime:0.001001s ]
INFO: [ view_parse ] --START--
NOTIC: [8] Use of undefined constant HTTP_HOST - assumed 'HTTP_HOST' D:\xampp\htdocs\gkmaker\Cache\Runtime\Home\Cache\fb6b3aae07e58719bb4aa97d8ea4810a.php 第 64 行.
INFO: Run ParseTemplate Behavior [ RunTime:0.046002s ]
INFO: [ view_parse ] --END-- [ RunTime:0.046002s ]
INFO: [ view_filter ] --START--
INFO: Run ContentReplace Behavior [ RunTime:0.000000s ]
INFO: Run TokenBuild Behavior [ RunTime:0.000000s ]
INFO: Run WriteHtmlCache Behavior [ RunTime:0.000000s ]
INFO: Run ShowRuntime Behavior [ RunTime:0.000000s ]
INFO: [ view_filter ] --END-- [ RunTime:0.001000s ]
INFO: [ view_end ] --START--
INFO: Run ShowPageTrace Behavior [ RunTime:0.001000s ]
INFO: [ view_end ] --END-- [ RunTime:0.001000s ]

[ 2017-07-12T09:29:21+08:00 ] 0.0.0.0 /gkmaker/index.php/Member/login
INFO: [ route_check ] --START--
INFO: Run CheckRoute Behavior [ RunTime:0.000000s ]
INFO: [ route_check ] --END-- [ RunTime:0.001000s ]
INFO: [ app_begin ] --START--
INFO: Run ReadHtmlCache Behavior [ RunTime:0.001000s ]
INFO: [ app_begin ] --END-- [ RunTime:0.001000s ]
NOTIC: [8] Undefined index: uid D:\xampp\htdocs\gkmaker\Home\Lib\Action\MemberAction.class.php 第 47 行.
INFO: [ view_template ] --START--
INFO: Run LocationTemplate Behavior [ RunTime:0.001000s ]
INFO: [ view_template ] --END-- [ RunTime:0.001000s ]
INFO: [ view_parse ] --START--
NOTIC: [8] Undefined variable: uid D:\xampp\htdocs\gkmaker\Cache\Runtime\Home\Cache\fceef97310efc7164fc5a9a937a6f796.php 第 51 行.
INFO: Run ParseTemplate Behavior [ RunTime:0.406024s ]
INFO: [ view_parse ] --END-- [ RunTime:0.407024s ]
INFO: [ view_filter ] --START--
INFO: Run ContentReplace Behavior [ RunTime:0.001000s ]
INFO: Run TokenBuild Behavior [ RunTime:0.001000s ]
INFO: Run WriteHtmlCache Behavior [ RunTime:0.000000s ]
INFO: Run ShowRuntime Behavior [ RunTime:0.001000s ]
INFO: [ view_filter ] --END-- [ RunTime:0.005000s ]
INFO: [ view_end ] --START--
INFO: Run ShowPageTrace Behavior [ RunTime:0.002000s ]
INFO: [ view_end ] --END-- [ RunTime:0.002000s ]

[ 2017-07-12T09:29:21+08:00 ] 0.0.0.0 /gkmaker/index.php/Member/login
INFO: [ route_check ] --START--
INFO: Run CheckRoute Behavior [ RunTime:0.001000s ]
INFO: [ route_check ] --END-- [ RunTime:0.001000s ]
INFO: [ app_begin ] --START--
INFO: Run ReadHtmlCache Behavior [ RunTime:0.001000s ]
INFO: [ app_begin ] --END-- [ RunTime:0.001000s ]
NOTIC: [8] Undefined index: uid D:\xampp\htdocs\gkmaker\Home\Lib\Action\MemberAction.class.php 第 47 行.
INFO: [ view_template ] --START--
INFO: Run LocationTemplate Behavior [ RunTime:0.001001s ]
INFO: [ view_template ] --END-- [ RunTime:0.001001s ]
INFO: [ view_parse ] --START--
NOTIC: [8] Undefined variable: uid D:\xampp\htdocs\gkmaker\Cache\Runtime\Home\Cache\fceef97310efc7164fc5a9a937a6f796.php 第 51 行.
INFO: Run ParseTemplate Behavior [ RunTime:0.011000s ]
INFO: [ view_parse ] --END-- [ RunTime:0.011000s ]
INFO: [ view_filter ] --START--
INFO: Run ContentReplace Behavior [ RunTime:0.001000s ]
INFO: Run TokenBuild Behavior [ RunTime:0.000000s ]
INFO: Run WriteHtmlCache Behavior [ RunTime:0.001000s ]
INFO: Run ShowRuntime Behavior [ RunTime:0.000000s ]
INFO: [ view_filter ] --END-- [ RunTime:0.002000s ]
INFO: [ view_end ] --START--
INFO: Run ShowPageTrace Behavior [ RunTime:0.001000s ]
INFO: [ view_end ] --END-- [ RunTime:0.001000s ]

[ 2017-07-12T09:29:26+08:00 ] 0.0.0.0 /gkmaker/index.php/Member/login
INFO: [ route_check ] --START--
INFO: Run CheckRoute Behavior [ RunTime:0.000000s ]
INFO: [ route_check ] --END-- [ RunTime:0.000000s ]
INFO: [ app_begin ] --START--
INFO: Run ReadHtmlCache Behavior [ RunTime:0.000000s ]
INFO: [ app_begin ] --END-- [ RunTime:0.000000s ]
NOTIC: [8] Undefined index: uid D:\xampp\htdocs\gkmaker\Home\Lib\Action\MemberAction.class.php 第 47 行.
NOTIC: [2] Missing argument 1 for MemberAction::auth(), called in D:\xampp\htdocs\gkmaker\Home\Lib\Action\MemberAction.class.php on line 55 and defined D:\xampp\htdocs\gkmaker\Home\Lib\Action\MemberAction.class.php 第 10 行.
SQL: SHOW COLUMNS FROM `pa_member` [ RunTime:0.014001s ]
SQL: SELECT COUNT(*) AS tp_count FROM `pa_member` WHERE ( `nickname`='869083232@qq.com' ) LIMIT 1   [ RunTime:0.000000s ]
INFO: [ view_template ] --START--
INFO: Run LocationTemplate Behavior [ RunTime:0.000000s ]
INFO: [ view_template ] --END-- [ RunTime:0.000000s ]
INFO: [ view_parse ] --START--
NOTIC: [8] Use of undefined constant HTTP_HOST - assumed 'HTTP_HOST' D:\xampp\htdocs\gkmaker\Cache\Runtime\Home\Cache\fb6b3aae07e58719bb4aa97d8ea4810a.php 第 64 行.
INFO: Run ParseTemplate Behavior [ RunTime:0.006000s ]
INFO: [ view_parse ] --END-- [ RunTime:0.006000s ]
INFO: [ view_filter ] --START--
INFO: Run ContentReplace Behavior [ RunTime:0.000000s ]
INFO: Run TokenBuild Behavior [ RunTime:0.001000s ]
INFO: Run WriteHtmlCache Behavior [ RunTime:0.000000s ]
INFO: Run ShowRuntime Behavior [ RunTime:0.001000s ]
INFO: [ view_filter ] --END-- [ RunTime:0.002000s ]
INFO: [ view_end ] --START--
INFO: Run ShowPageTrace Behavior [ RunTime:0.000000s ]
INFO: [ view_end ] --END-- [ RunTime:0.000000s ]

[ 2017-07-12T09:29:28+08:00 ] 0.0.0.0 /gkmaker/index.php/Member/login
INFO: [ route_check ] --START--
INFO: Run CheckRoute Behavior [ RunTime:0.001000s ]
INFO: [ route_check ] --END-- [ RunTime:0.001000s ]
INFO: [ app_begin ] --START--
INFO: Run ReadHtmlCache Behavior [ RunTime:0.001000s ]
INFO: [ app_begin ] --END-- [ RunTime:0.001000s ]
NOTIC: [8] Undefined index: uid D:\xampp\htdocs\gkmaker\Home\Lib\Action\MemberAction.class.php 第 47 行.
INFO: [ view_template ] --START--
INFO: Run LocationTemplate Behavior [ RunTime:0.001000s ]
INFO: [ view_template ] --END-- [ RunTime:0.001000s ]
INFO: [ view_parse ] --START--
NOTIC: [8] Undefined variable: uid D:\xampp\htdocs\gkmaker\Cache\Runtime\Home\Cache\fceef97310efc7164fc5a9a937a6f796.php 第 51 行.
INFO: Run ParseTemplate Behavior [ RunTime:0.011001s ]
INFO: [ view_parse ] --END-- [ RunTime:0.011001s ]
INFO: [ view_filter ] --START--
INFO: Run ContentReplace Behavior [ RunTime:0.000000s ]
INFO: Run TokenBuild Behavior [ RunTime:0.000000s ]
INFO: Run WriteHtmlCache Behavior [ RunTime:0.000000s ]
INFO: Run ShowRuntime Behavior [ RunTime:0.000000s ]
INFO: [ view_filter ] --END-- [ RunTime:0.001000s ]
INFO: [ view_end ] --START--
INFO: Run ShowPageTrace Behavior [ RunTime:0.001000s ]
INFO: [ view_end ] --END-- [ RunTime:0.001000s ]

[ 2017-07-12T09:29:32+08:00 ] 0.0.0.0 /gkmaker/index.php/Member/reg
INFO: [ route_check ] --START--
INFO: Run CheckRoute Behavior [ RunTime:0.000000s ]
INFO: [ route_check ] --END-- [ RunTime:0.001000s ]
INFO: [ app_begin ] --START--
INFO: Run ReadHtmlCache Behavior [ RunTime:0.000000s ]
INFO: [ app_begin ] --END-- [ RunTime:0.000000s ]
INFO: [ view_template ] --START--
INFO: Run LocationTemplate Behavior [ RunTime:0.000000s ]
INFO: [ view_template ] --END-- [ RunTime:0.000000s ]
INFO: [ view_parse ] --START--
NOTIC: [8] Undefined variable: uid D:\xampp\htdocs\gkmaker\Cache\Runtime\Home\Cache\8a6c94657956c476a50a4177b988c26c.php 第 53 行.
INFO: Run ParseTemplate Behavior [ RunTime:0.012001s ]
INFO: [ view_parse ] --END-- [ RunTime:0.012001s ]
INFO: [ view_filter ] --START--
INFO: Run ContentReplace Behavior [ RunTime:0.001000s ]
INFO: Run TokenBuild Behavior [ RunTime:0.001000s ]
INFO: Run WriteHtmlCache Behavior [ RunTime:0.000000s ]
INFO: Run ShowRuntime Behavior [ RunTime:0.001000s ]
INFO: [ view_filter ] --END-- [ RunTime:0.003000s ]
INFO: [ view_end ] --START--
INFO: Run ShowPageTrace Behavior [ RunTime:0.001000s ]
INFO: [ view_end ] --END-- [ RunTime:0.001000s ]

[ 2017-07-12T09:29:32+08:00 ] 0.0.0.0 /gkmaker/index.php/Base/verify_code
INFO: [ route_check ] --START--
INFO: Run CheckRoute Behavior [ RunTime:0.001000s ]
INFO: [ route_check ] --END-- [ RunTime:0.001000s ]
INFO: [ app_begin ] --START--
INFO: Run ReadHtmlCache Behavior [ RunTime:0.001000s ]
INFO: [ app_begin ] --END-- [ RunTime:0.001000s ]

[ 2017-07-12T09:29:32+08:00 ] 0.0.0.0 /gkmaker/index.php/Member/reg
INFO: [ route_check ] --START--
INFO: Run CheckRoute Behavior [ RunTime:0.001000s ]
INFO: [ route_check ] --END-- [ RunTime:0.001000s ]
INFO: [ app_begin ] --START--
INFO: Run ReadHtmlCache Behavior [ RunTime:0.001000s ]
INFO: [ app_begin ] --END-- [ RunTime:0.001000s ]
INFO: [ view_template ] --START--
INFO: Run LocationTemplate Behavior [ RunTime:0.000000s ]
INFO: [ view_template ] --END-- [ RunTime:0.000000s ]
INFO: [ view_parse ] --START--
NOTIC: [8] Undefined variable: uid D:\xampp\htdocs\gkmaker\Cache\Runtime\Home\Cache\8a6c94657956c476a50a4177b988c26c.php 第 53 行.
INFO: Run ParseTemplate Behavior [ RunTime:0.010001s ]
INFO: [ view_parse ] --END-- [ RunTime:0.010001s ]
INFO: [ view_filter ] --START--
INFO: Run ContentReplace Behavior [ RunTime:0.001000s ]
INFO: Run TokenBuild Behavior [ RunTime:0.000000s ]
INFO: Run WriteHtmlCache Behavior [ RunTime:0.000000s ]
INFO: Run ShowRuntime Behavior [ RunTime:0.001000s ]
INFO: [ view_filter ] --END-- [ RunTime:0.002000s ]
INFO: [ view_end ] --START--
INFO: Run ShowPageTrace Behavior [ RunTime:0.000000s ]
INFO: [ view_end ] --END-- [ RunTime:0.001000s ]

[ 2017-07-12T09:29:39+08:00 ] 0.0.0.0 /gkmaker/index.php/Index/index
INFO: [ route_check ] --START--
INFO: Run CheckRoute Behavior [ RunTime:0.001000s ]
INFO: [ route_check ] --END-- [ RunTime:0.001000s ]
INFO: [ app_begin ] --START--
INFO: Run ReadHtmlCache Behavior [ RunTime:0.001000s ]
INFO: [ app_begin ] --END-- [ RunTime:0.001000s ]
SQL: SHOW COLUMNS FROM `pa_clickcount` [ RunTime:0.004000s ]
SQL: SELECT * FROM `pa_clickcount` WHERE ( id=1 )  [ RunTime:0.001000s ]
SQL: UPDATE `pa_clickcount` SET `count`=7340 WHERE ( `id` = 1 ) [ RunTime:0.079004s ]
SQL: SHOW COLUMNS FROM `pa_relannounce` [ RunTime:0.008000s ]
SQL: SELECT `id`,`status` FROM `pa_relannounce` ORDER BY `id` DESC LIMIT 6   [ RunTime:0.002000s ]
SQL: SELECT `id`,`title`,`status`,`updata_time` FROM `pa_relannounce` WHERE ( `id` = 19 ) LIMIT 1   [ RunTime:0.001000s ]
SQL: SELECT `id`,`title`,`status`,`updata_time` FROM `pa_relannounce` WHERE ( `id` = 18 ) LIMIT 1   [ RunTime:0.002000s ]
SQL: SELECT `id`,`title`,`status`,`updata_time` FROM `pa_relannounce` WHERE ( `id` = 17 ) LIMIT 1   [ RunTime:0.001000s ]
SQL: SELECT `id`,`title`,`status`,`updata_time` FROM `pa_relannounce` WHERE ( `id` = 16 ) LIMIT 1   [ RunTime:0.002000s ]
SQL: SELECT `id`,`title`,`status`,`updata_time` FROM `pa_relannounce` WHERE ( `id` = 15 ) LIMIT 1   [ RunTime:0.001001s ]
SQL: SELECT `id`,`title`,`status`,`updata_time` FROM `pa_relannounce` WHERE ( `id` = 14 ) LIMIT 1   [ RunTime:0.001000s ]
SQL: SHOW COLUMNS FROM `pa_member` [ RunTime:0.005000s ]
SQL: SELECT * FROM `pa_member` WHERE ( isvip=1 ) LIMIT 9   [ RunTime:0.002000s ]
NOTIC: [8] Undefined index: nickname D:\xampp\htdocs\gkmaker\Home\Lib\Action\IndexAction.class.php 第 25 行.
NOTIC: [8] Undefined index: uid D:\xampp\htdocs\gkmaker\Home\Lib\Action\IndexAction.class.php 第 26 行.
SQL: SHOW COLUMNS FROM `pa_chuangyi` [ RunTime:0.005000s ]
SQL: SELECT * FROM `pa_chuangyi` WHERE ( status=1 ) LIMIT 9   [ RunTime:0.001000s ]
SQL: SHOW COLUMNS FROM `pa_game` [ RunTime:0.006001s ]
SQL: SELECT * FROM `pa_game` WHERE ( cid=1 ) ORDER BY id desc  [ RunTime:0.002000s ]
SQL: SHOW COLUMNS FROM `pa_news` [ RunTime:0.005000s ]
SQL: SELECT * FROM `pa_news` WHERE ( status=1 ) ORDER BY id desc LIMIT 6   [ RunTime:0.002000s ]
SQL: SELECT * FROM `pa_news` WHERE ( status=1  AND is_screen=1 ) ORDER BY id desc LIMIT 7   [ RunTime:0.002001s ]
SQL: SHOW COLUMNS FROM `pa_teacher` [ RunTime:0.005000s ]
SQL: SELECT * FROM `pa_teacher` WHERE ( status=1 ) LIMIT 8   [ RunTime:0.002000s ]
INFO: [ view_template ] --START--
INFO: Run LocationTemplate Behavior [ RunTime:0.001000s ]
INFO: [ view_template ] --END-- [ RunTime:0.001000s ]
INFO: [ view_parse ] --START--
INFO: Run ParseTemplate Behavior [ RunTime:0.021001s ]
INFO: [ view_parse ] --END-- [ RunTime:0.021001s ]
INFO: [ view_filter ] --START--
INFO: Run ContentReplace Behavior [ RunTime:0.001000s ]
INFO: Run TokenBuild Behavior [ RunTime:0.001000s ]
INFO: Run WriteHtmlCache Behavior [ RunTime:0.000000s ]
INFO: Run ShowRuntime Behavior [ RunTime:0.000000s ]
INFO: [ view_filter ] --END-- [ RunTime:0.002000s ]
INFO: [ view_end ] --START--
INFO: Run ShowPageTrace Behavior [ RunTime:0.000000s ]
INFO: [ view_end ] --END-- [ RunTime:0.000000s ]

[ 2017-07-12T09:29:39+08:00 ] 0.0.0.0 /gkmaker/index.php/Index/index
INFO: [ route_check ] --START--
INFO: Run CheckRoute Behavior [ RunTime:0.001000s ]
INFO: [ route_check ] --END-- [ RunTime:0.001000s ]
INFO: [ app_begin ] --START--
INFO: Run ReadHtmlCache Behavior [ RunTime:0.001000s ]
INFO: [ app_begin ] --END-- [ RunTime:0.001000s ]
SQL: SHOW COLUMNS FROM `pa_clickcount` [ RunTime:0.004001s ]
SQL: SELECT * FROM `pa_clickcount` WHERE ( id=1 )  [ RunTime:0.001000s ]
SQL: UPDATE `pa_clickcount` SET `count`=7341 WHERE ( `id` = 1 ) [ RunTime:0.108006s ]
SQL: SHOW COLUMNS FROM `pa_relannounce` [ RunTime:0.004000s ]
SQL: SELECT `id`,`status` FROM `pa_relannounce` ORDER BY `id` DESC LIMIT 6   [ RunTime:0.000000s ]
SQL: SELECT `id`,`title`,`status`,`updata_time` FROM `pa_relannounce` WHERE ( `id` = 19 ) LIMIT 1   [ RunTime:0.000000s ]
SQL: SELECT `id`,`title`,`status`,`updata_time` FROM `pa_relannounce` WHERE ( `id` = 18 ) LIMIT 1   [ RunTime:0.000000s ]
SQL: SELECT `id`,`title`,`status`,`updata_time` FROM `pa_relannounce` WHERE ( `id` = 17 ) LIMIT 1   [ RunTime:0.000000s ]
SQL: SELECT `id`,`title`,`status`,`updata_time` FROM `pa_relannounce` WHERE ( `id` = 16 ) LIMIT 1   [ RunTime:0.000000s ]
SQL: SELECT `id`,`title`,`status`,`updata_time` FROM `pa_relannounce` WHERE ( `id` = 15 ) LIMIT 1   [ RunTime:0.001000s ]
SQL: SELECT `id`,`title`,`status`,`updata_time` FROM `pa_relannounce` WHERE ( `id` = 14 ) LIMIT 1   [ RunTime:0.001000s ]
SQL: SHOW COLUMNS FROM `pa_member` [ RunTime:0.004001s ]
SQL: SELECT * FROM `pa_member` WHERE ( isvip=1 ) LIMIT 9   [ RunTime:0.001000s ]
NOTIC: [8] Undefined index: nickname D:\xampp\htdocs\gkmaker\Home\Lib\Action\IndexAction.class.php 第 25 行.
NOTIC: [8] Undefined index: uid D:\xampp\htdocs\gkmaker\Home\Lib\Action\IndexAction.class.php 第 26 行.
SQL: SHOW COLUMNS FROM `pa_chuangyi` [ RunTime:0.004000s ]
SQL: SELECT * FROM `pa_chuangyi` WHERE ( status=1 ) LIMIT 9   [ RunTime:0.000000s ]
SQL: SHOW COLUMNS FROM `pa_game` [ RunTime:0.003000s ]
SQL: SELECT * FROM `pa_game` WHERE ( cid=1 ) ORDER BY id desc  [ RunTime:0.001000s ]
SQL: SHOW COLUMNS FROM `pa_news` [ RunTime:0.004001s ]
SQL: SELECT * FROM `pa_news` WHERE ( status=1 ) ORDER BY id desc LIMIT 6   [ RunTime:0.001000s ]
SQL: SELECT * FROM `pa_news` WHERE ( status=1  AND is_screen=1 ) ORDER BY id desc LIMIT 7   [ RunTime:0.001000s ]
SQL: SHOW COLUMNS FROM `pa_teacher` [ RunTime:0.003000s ]
SQL: SELECT * FROM `pa_teacher` WHERE ( status=1 ) LIMIT 8   [ RunTime:0.001000s ]
INFO: [ view_template ] --START--
INFO: Run LocationTemplate Behavior [ RunTime:0.001000s ]
INFO: [ view_template ] --END-- [ RunTime:0.001000s ]
INFO: [ view_parse ] --START--
INFO: Run ParseTemplate Behavior [ RunTime:0.019001s ]
INFO: [ view_parse ] --END-- [ RunTime:0.019001s ]
INFO: [ view_filter ] --START--
INFO: Run ContentReplace Behavior [ RunTime:0.001000s ]
INFO: Run TokenBuild Behavior [ RunTime:0.000000s ]
INFO: Run WriteHtmlCache Behavior [ RunTime:0.001000s ]
INFO: Run ShowRuntime Behavior [ RunTime:0.000000s ]
INFO: [ view_filter ] --END-- [ RunTime:0.002000s ]
INFO: [ view_end ] --START--
INFO: Run ShowPageTrace Behavior [ RunTime:0.001001s ]
INFO: [ view_end ] --END-- [ RunTime:0.001001s ]

[ 2017-07-12T09:30:00+08:00 ] 0.0.0.0 /gkmaker/index.php/Listmember/index
INFO: [ route_check ] --START--
INFO: Run CheckRoute Behavior [ RunTime:0.001000s ]
INFO: [ route_check ] --END-- [ RunTime:0.001000s ]
INFO: [ app_begin ] --START--
INFO: Run ReadHtmlCache Behavior [ RunTime:0.001000s ]
INFO: [ app_begin ] --END-- [ RunTime:0.001000s ]
NOTIC: [8] Undefined index: uid D:\xampp\htdocs\gkmaker\Home\Lib\Action\ListmemberAction.class.php 第 41 行.
SQL: SHOW COLUMNS FROM `pa_member` [ RunTime:0.004000s ]
SQL: SELECT COUNT(*) AS tp_count FROM `pa_member` LIMIT 1   [ RunTime:0.001000s ]
SQL: SELECT * FROM `pa_member` ORDER BY `uid` DESC LIMIT 0, 12   [ RunTime:0.001000s ]
SQL: SELECT * FROM `pa_member` WHERE ( uid='' )  [ RunTime:0.001000s ]
NOTIC: [8] Undefined index: nickname D:\xampp\htdocs\gkmaker\Home\Lib\Action\ListmemberAction.class.php 第 52 行.
NOTIC: [8] Undefined index: uid D:\xampp\htdocs\gkmaker\Home\Lib\Action\ListmemberAction.class.php 第 53 行.
INFO: [ view_template ] --START--
INFO: Run LocationTemplate Behavior [ RunTime:0.001001s ]
INFO: [ view_template ] --END-- [ RunTime:0.001001s ]
INFO: [ view_parse ] --START--
INFO: Run ParseTemplate Behavior [ RunTime:0.048002s ]
INFO: [ view_parse ] --END-- [ RunTime:0.048002s ]
INFO: [ view_filter ] --START--
INFO: Run ContentReplace Behavior [ RunTime:0.001000s ]
INFO: Run TokenBuild Behavior [ RunTime:0.000000s ]
INFO: Run WriteHtmlCache Behavior [ RunTime:0.001000s ]
INFO: Run ShowRuntime Behavior [ RunTime:0.000000s ]
INFO: [ view_filter ] --END-- [ RunTime:0.002000s ]
INFO: [ view_end ] --START--
INFO: Run ShowPageTrace Behavior [ RunTime:0.001000s ]
INFO: [ view_end ] --END-- [ RunTime:0.001000s ]

[ 2017-07-12T09:30:01+08:00 ] 0.0.0.0 /gkmaker/index.php/Listmember/index
INFO: [ route_check ] --START--
INFO: Run CheckRoute Behavior [ RunTime:0.001001s ]
INFO: [ route_check ] --END-- [ RunTime:0.002001s ]
INFO: [ app_begin ] --START--
INFO: Run ReadHtmlCache Behavior [ RunTime:0.001000s ]
INFO: [ app_begin ] --END-- [ RunTime:0.001000s ]
NOTIC: [8] Undefined index: uid D:\xampp\htdocs\gkmaker\Home\Lib\Action\ListmemberAction.class.php 第 41 行.
SQL: SHOW COLUMNS FROM `pa_member` [ RunTime:0.004000s ]
SQL: SELECT COUNT(*) AS tp_count FROM `pa_member` LIMIT 1   [ RunTime:0.002000s ]
SQL: SELECT * FROM `pa_member` ORDER BY `uid` DESC LIMIT 0, 12   [ RunTime:0.001000s ]
SQL: SELECT * FROM `pa_member` WHERE ( uid='' )  [ RunTime:0.001000s ]
NOTIC: [8] Undefined index: nickname D:\xampp\htdocs\gkmaker\Home\Lib\Action\ListmemberAction.class.php 第 52 行.
NOTIC: [8] Undefined index: uid D:\xampp\htdocs\gkmaker\Home\Lib\Action\ListmemberAction.class.php 第 53 行.
INFO: [ view_template ] --START--
INFO: Run LocationTemplate Behavior [ RunTime:0.001000s ]
INFO: [ view_template ] --END-- [ RunTime:0.002001s ]
INFO: [ view_parse ] --START--
INFO: Run ParseTemplate Behavior [ RunTime:0.014000s ]
INFO: [ view_parse ] --END-- [ RunTime:0.014000s ]
INFO: [ view_filter ] --START--
INFO: Run ContentReplace Behavior [ RunTime:0.001000s ]
INFO: Run TokenBuild Behavior [ RunTime:0.001000s ]
INFO: Run WriteHtmlCache Behavior [ RunTime:0.001000s ]
INFO: Run ShowRuntime Behavior [ RunTime:0.001001s ]
INFO: [ view_filter ] --END-- [ RunTime:0.004001s ]
INFO: [ view_end ] --START--
INFO: Run ShowPageTrace Behavior [ RunTime:0.000000s ]
INFO: [ view_end ] --END-- [ RunTime:0.000000s ]

[ 2017-07-12T09:30:13+08:00 ] 0.0.0.0 /gkmaker/index.php/Game/game
INFO: [ route_check ] --START--
INFO: Run CheckRoute Behavior [ RunTime:0.001000s ]
INFO: [ route_check ] --END-- [ RunTime:0.001000s ]
INFO: [ app_begin ] --START--
INFO: Run ReadHtmlCache Behavior [ RunTime:0.000000s ]
INFO: [ app_begin ] --END-- [ RunTime:0.001001s ]
SQL: SHOW COLUMNS FROM `pa_game` [ RunTime:0.004000s ]
SQL: SELECT * FROM `pa_game` WHERE ( cid = 1  )  [ RunTime:0.002000s ]
NOTIC: [8] Undefined index: nickname D:\xampp\htdocs\gkmaker\Home\Lib\Action\GameAction.class.php 第 43 行.
NOTIC: [8] Undefined index: uid D:\xampp\htdocs\gkmaker\Home\Lib\Action\GameAction.class.php 第 44 行.
INFO: [ view_template ] --START--
INFO: Run LocationTemplate Behavior [ RunTime:0.001000s ]
INFO: [ view_template ] --END-- [ RunTime:0.001000s ]
INFO: [ view_parse ] --START--
INFO: Run ParseTemplate Behavior [ RunTime:0.009001s ]
INFO: [ view_parse ] --END-- [ RunTime:0.009001s ]
INFO: [ view_filter ] --START--
INFO: Run ContentReplace Behavior [ RunTime:0.001000s ]
INFO: Run TokenBuild Behavior [ RunTime:0.000000s ]
INFO: Run WriteHtmlCache Behavior [ RunTime:0.000000s ]
INFO: Run ShowRuntime Behavior [ RunTime:0.001000s ]
INFO: [ view_filter ] --END-- [ RunTime:0.002000s ]
INFO: [ view_end ] --START--
INFO: Run ShowPageTrace Behavior [ RunTime:0.000000s ]
INFO: [ view_end ] --END-- [ RunTime:0.000000s ]

[ 2017-07-12T09:30:13+08:00 ] 0.0.0.0 /gkmaker/index.php/Game/game
INFO: [ route_check ] --START--
INFO: Run CheckRoute Behavior [ RunTime:0.001000s ]
INFO: [ route_check ] --END-- [ RunTime:0.001000s ]
INFO: [ app_begin ] --START--
INFO: Run ReadHtmlCache Behavior [ RunTime:0.001000s ]
INFO: [ app_begin ] --END-- [ RunTime:0.001000s ]
SQL: SHOW COLUMNS FROM `pa_game` [ RunTime:0.004000s ]
SQL: SELECT * FROM `pa_game` WHERE ( cid = 1  )  [ RunTime:0.002001s ]
NOTIC: [8] Undefined index: nickname D:\xampp\htdocs\gkmaker\Home\Lib\Action\GameAction.class.php 第 43 行.
NOTIC: [8] Undefined index: uid D:\xampp\htdocs\gkmaker\Home\Lib\Action\GameAction.class.php 第 44 行.
INFO: [ view_template ] --START--
INFO: Run LocationTemplate Behavior [ RunTime:0.001000s ]
INFO: [ view_template ] --END-- [ RunTime:0.001000s ]
INFO: [ view_parse ] --START--
INFO: Run ParseTemplate Behavior [ RunTime:0.011000s ]
INFO: [ view_parse ] --END-- [ RunTime:0.011000s ]
INFO: [ view_filter ] --START--
INFO: Run ContentReplace Behavior [ RunTime:0.001000s ]
INFO: Run TokenBuild Behavior [ RunTime:0.000000s ]
INFO: Run WriteHtmlCache Behavior [ RunTime:0.001000s ]
INFO: Run ShowRuntime Behavior [ RunTime:0.000000s ]
INFO: [ view_filter ] --END-- [ RunTime:0.002000s ]
INFO: [ view_end ] --START--
INFO: Run ShowPageTrace Behavior [ RunTime:0.001000s ]
INFO: [ view_end ] --END-- [ RunTime:0.001000s ]

[ 2017-07-12T09:30:13+08:00 ] 0.0.0.0 /gkmaker/index.php/Game/game
INFO: [ route_check ] --START--
INFO: Run CheckRoute Behavior [ RunTime:0.001001s ]
INFO: [ route_check ] --END-- [ RunTime:0.001001s ]
INFO: [ app_begin ] --START--
INFO: Run ReadHtmlCache Behavior [ RunTime:0.001000s ]
INFO: [ app_begin ] --END-- [ RunTime:0.001000s ]
SQL: SHOW COLUMNS FROM `pa_game` [ RunTime:0.004001s ]
SQL: SELECT * FROM `pa_game` WHERE ( cid = 1  )  [ RunTime:0.003000s ]
NOTIC: [8] Undefined index: nickname D:\xampp\htdocs\gkmaker\Home\Lib\Action\GameAction.class.php 第 43 行.
NOTIC: [8] Undefined index: uid D:\xampp\htdocs\gkmaker\Home\Lib\Action\GameAction.class.php 第 44 行.
INFO: [ view_template ] --START--
INFO: Run LocationTemplate Behavior [ RunTime:0.001000s ]
INFO: [ view_template ] --END-- [ RunTime:0.001000s ]
INFO: [ view_parse ] --START--
INFO: Run ParseTemplate Behavior [ RunTime:0.009000s ]
INFO: [ view_parse ] --END-- [ RunTime:0.009000s ]
INFO: [ view_filter ] --START--
INFO: Run ContentReplace Behavior [ RunTime:0.000000s ]
INFO: Run TokenBuild Behavior [ RunTime:0.000000s ]
INFO: Run WriteHtmlCache Behavior [ RunTime:0.001000s ]
INFO: Run ShowRuntime Behavior [ RunTime:0.000000s ]
INFO: [ view_filter ] --END-- [ RunTime:0.002000s ]
INFO: [ view_end ] --START--
INFO: Run ShowPageTrace Behavior [ RunTime:0.001000s ]
INFO: [ view_end ] --END-- [ RunTime:0.001000s ]

[ 2017-07-12T09:30:13+08:00 ] 0.0.0.0 /gkmaker/index.php/Game/game
INFO: [ route_check ] --START--
INFO: Run CheckRoute Behavior [ RunTime:0.001001s ]
INFO: [ route_check ] --END-- [ RunTime:0.001001s ]
INFO: [ app_begin ] --START--
INFO: Run ReadHtmlCache Behavior [ RunTime:0.000000s ]
INFO: [ app_begin ] --END-- [ RunTime:0.000000s ]
SQL: SHOW COLUMNS FROM `pa_game` [ RunTime:0.003000s ]
SQL: SELECT * FROM `pa_game` WHERE ( cid = 1  )  [ RunTime:0.002001s ]
NOTIC: [8] Undefined index: nickname D:\xampp\htdocs\gkmaker\Home\Lib\Action\GameAction.class.php 第 43 行.
NOTIC: [8] Undefined index: uid D:\xampp\htdocs\gkmaker\Home\Lib\Action\GameAction.class.php 第 44 行.
INFO: [ view_template ] --START--
INFO: Run LocationTemplate Behavior [ RunTime:0.001000s ]
INFO: [ view_template ] --END-- [ RunTime:0.001000s ]
INFO: [ view_parse ] --START--
INFO: Run ParseTemplate Behavior [ RunTime:0.009000s ]
INFO: [ view_parse ] --END-- [ RunTime:0.009000s ]
INFO: [ view_filter ] --START--
INFO: Run ContentReplace Behavior [ RunTime:0.001000s ]
INFO: Run TokenBuild Behavior [ RunTime:0.000000s ]
INFO: Run WriteHtmlCache Behavior [ RunTime:0.000000s ]
INFO: Run ShowRuntime Behavior [ RunTime:0.001000s ]
INFO: [ view_filter ] --END-- [ RunTime:0.002000s ]
INFO: [ view_end ] --START--
INFO: Run ShowPageTrace Behavior [ RunTime:0.000000s ]
INFO: [ view_end ] --END-- [ RunTime:0.000000s ]

[ 2017-07-12T09:30:14+08:00 ] 0.0.0.0 /gkmaker/index.php/Guestbook/index
INFO: [ route_check ] --START--
INFO: Run CheckRoute Behavior [ RunTime:0.000000s ]
INFO: [ route_check ] --END-- [ RunTime:0.000000s ]
INFO: [ app_begin ] --START--
INFO: Run ReadHtmlCache Behavior [ RunTime:0.000000s ]
INFO: [ app_begin ] --END-- [ RunTime:0.000000s ]
SQL: SHOW COLUMNS FROM `pa_guestbook` [ RunTime:0.004000s ]
SQL: SELECT COUNT(*) AS tp_count FROM `pa_guestbook` LIMIT 1   [ RunTime:0.001000s ]
SQL: SELECT * FROM `pa_guestbook` ORDER BY `time` DESC LIMIT 0 , 10   [ RunTime:0.001000s ]
NOTIC: [8] Undefined index: nickname D:\xampp\htdocs\gkmaker\Home\Lib\Action\GuestbookAction.class.php 第 21 行.
NOTIC: [8] Undefined index: uid D:\xampp\htdocs\gkmaker\Home\Lib\Action\GuestbookAction.class.php 第 22 行.
INFO: [ view_template ] --START--
INFO: Run LocationTemplate Behavior [ RunTime:0.000000s ]
INFO: [ view_template ] --END-- [ RunTime:0.001000s ]
INFO: [ view_parse ] --START--
INFO: Run ParseTemplate Behavior [ RunTime:0.011001s ]
INFO: [ view_parse ] --END-- [ RunTime:0.011001s ]
INFO: [ view_filter ] --START--
INFO: Run ContentReplace Behavior [ RunTime:0.001000s ]
INFO: Run TokenBuild Behavior [ RunTime:0.000000s ]
INFO: Run WriteHtmlCache Behavior [ RunTime:0.000000s ]
INFO: Run ShowRuntime Behavior [ RunTime:0.000000s ]
INFO: [ view_filter ] --END-- [ RunTime:0.002000s ]
INFO: [ view_end ] --START--
INFO: Run ShowPageTrace Behavior [ RunTime:0.001000s ]
INFO: [ view_end ] --END-- [ RunTime:0.001000s ]

[ 2017-07-12T09:30:14+08:00 ] 0.0.0.0 /gkmaker/index.php/Base/verify_code
INFO: [ route_check ] --START--
INFO: Run CheckRoute Behavior [ RunTime:0.001000s ]
INFO: [ route_check ] --END-- [ RunTime:0.001000s ]
INFO: [ app_begin ] --START--
INFO: Run ReadHtmlCache Behavior [ RunTime:0.001001s ]
INFO: [ app_begin ] --END-- [ RunTime:0.001001s ]

[ 2017-07-12T09:30:14+08:00 ] 0.0.0.0 /gkmaker/index.php/Guestbook/index
INFO: [ route_check ] --START--
INFO: Run CheckRoute Behavior [ RunTime:0.001000s ]
INFO: [ route_check ] --END-- [ RunTime:0.001000s ]
INFO: [ app_begin ] --START--
INFO: Run ReadHtmlCache Behavior [ RunTime:0.000000s ]
INFO: [ app_begin ] --END-- [ RunTime:0.001001s ]
SQL: SHOW COLUMNS FROM `pa_guestbook` [ RunTime:0.004000s ]
SQL: SELECT COUNT(*) AS tp_count FROM `pa_guestbook` LIMIT 1   [ RunTime:0.001000s ]
SQL: SELECT * FROM `pa_guestbook` ORDER BY `time` DESC LIMIT 0 , 10   [ RunTime:0.001000s ]
NOTIC: [8] Undefined index: nickname D:\xampp\htdocs\gkmaker\Home\Lib\Action\GuestbookAction.class.php 第 21 行.
NOTIC: [8] Undefined index: uid D:\xampp\htdocs\gkmaker\Home\Lib\Action\GuestbookAction.class.php 第 22 行.
INFO: [ view_template ] --START--
INFO: Run LocationTemplate Behavior [ RunTime:0.000000s ]
INFO: [ view_template ] --END-- [ RunTime:0.000000s ]
INFO: [ view_parse ] --START--
INFO: Run ParseTemplate Behavior [ RunTime:0.012001s ]
INFO: [ view_parse ] --END-- [ RunTime:0.012001s ]
INFO: [ view_filter ] --START--
INFO: Run ContentReplace Behavior [ RunTime:0.001000s ]
INFO: Run TokenBuild Behavior [ RunTime:0.000000s ]
INFO: Run WriteHtmlCache Behavior [ RunTime:0.000000s ]
INFO: Run ShowRuntime Behavior [ RunTime:0.001000s ]
INFO: [ view_filter ] --END-- [ RunTime:0.002000s ]
INFO: [ view_end ] --START--
INFO: Run ShowPageTrace Behavior [ RunTime:0.000000s ]
INFO: [ view_end ] --END-- [ RunTime:0.000000s ]

[ 2017-07-12T09:30:16+08:00 ] 0.0.0.0 /gkmaker/index.php/Science/index
INFO: [ route_check ] --START--
INFO: Run CheckRoute Behavior [ RunTime:0.001000s ]
INFO: [ route_check ] --END-- [ RunTime:0.002000s ]
INFO: [ app_begin ] --START--
INFO: Run ReadHtmlCache Behavior [ RunTime:0.000000s ]
INFO: [ app_begin ] --END-- [ RunTime:0.000000s ]
SQL: SHOW COLUMNS FROM `pa_science` [ RunTime:0.005000s ]
SQL: SELECT `id`,`status` FROM `pa_science`  [ RunTime:0.001000s ]
NOTIC: [8] Undefined variable: rel D:\xampp\htdocs\gkmaker\Home\Lib\Action\ScienceAction.class.php 第 12 行.
SQL: SHOW COLUMNS FROM `pa_download` [ RunTime:0.004000s ]
SQL: SELECT * FROM `pa_download` WHERE ( status=1 ) LIMIT 7   [ RunTime:0.001000s ]
SQL: SHOW COLUMNS FROM `pa_file` [ RunTime:0.004001s ]
SQL: SELECT * FROM `pa_file` WHERE ( status=1 ) LIMIT 7   [ RunTime:0.001000s ]
SQL: SHOW COLUMNS FROM `pa_introduction` [ RunTime:0.005000s ]
SQL: SELECT `id`,`status`,`type` FROM `pa_introduction`  [ RunTime:0.001000s ]
SQL: SELECT `id`,`content` FROM `pa_introduction` WHERE ( `id` = 1 ) LIMIT 1   [ RunTime:0.001000s ]
INFO: [ view_template ] --START--
INFO: Run LocationTemplate Behavior [ RunTime:0.001000s ]
INFO: [ view_template ] --END-- [ RunTime:0.001000s ]
INFO: [ view_parse ] --START--
INFO: Run ParseTemplate Behavior [ RunTime:0.010001s ]
INFO: [ view_parse ] --END-- [ RunTime:0.010001s ]
INFO: [ view_filter ] --START--
INFO: Run ContentReplace Behavior [ RunTime:0.000000s ]
INFO: Run TokenBuild Behavior [ RunTime:0.001000s ]
INFO: Run WriteHtmlCache Behavior [ RunTime:0.000000s ]
INFO: Run ShowRuntime Behavior [ RunTime:0.001000s ]
INFO: [ view_filter ] --END-- [ RunTime:0.002000s ]
INFO: [ view_end ] --START--
INFO: Run ShowPageTrace Behavior [ RunTime:0.001000s ]
INFO: [ view_end ] --END-- [ RunTime:0.001000s ]

[ 2017-07-12T09:30:20+08:00 ] 0.0.0.0 /gkmaker/index.php/Ourmaker/index
INFO: [ route_check ] --START--
INFO: Run CheckRoute Behavior [ RunTime:0.001000s ]
INFO: [ route_check ] --END-- [ RunTime:0.001000s ]
INFO: [ app_begin ] --START--
INFO: Run ReadHtmlCache Behavior [ RunTime:0.001000s ]
INFO: [ app_begin ] --END-- [ RunTime:0.001000s ]
SQL: SHOW COLUMNS FROM `pa_ourmaker` [ RunTime:0.122007s ]
SQL: SELECT * FROM `pa_ourmaker`  [ RunTime:0.001000s ]
INFO: [ view_template ] --START--
INFO: Run LocationTemplate Behavior [ RunTime:0.001000s ]
INFO: [ view_template ] --END-- [ RunTime:0.001000s ]
INFO: [ view_parse ] --START--
INFO: Run ParseTemplate Behavior [ RunTime:0.063004s ]
INFO: [ view_parse ] --END-- [ RunTime:0.064004s ]
INFO: [ view_filter ] --START--
INFO: Run ContentReplace Behavior [ RunTime:0.000000s ]
INFO: Run TokenBuild Behavior [ RunTime:0.001000s ]
INFO: Run WriteHtmlCache Behavior [ RunTime:0.000000s ]
INFO: Run ShowRuntime Behavior [ RunTime:0.001000s ]
INFO: [ view_filter ] --END-- [ RunTime:0.002000s ]
INFO: [ view_end ] --START--
INFO: Run ShowPageTrace Behavior [ RunTime:0.001000s ]
INFO: [ view_end ] --END-- [ RunTime:0.001000s ]

